#
# A fatal error has been detected by the Java Runtime Environment:
#
#  EXCEPTION_ACCESS_VIOLATION (0xc0000005) at pc=0x00007ffe8a9e2b60, pid=5340, tid=2704
#
# JRE version: OpenJDK Runtime Environment Microsoft-32931 (17.0.3+7) (build 17.0.3+7-LTS)
# Java VM: OpenJDK 64-Bit Server VM Microsoft-32931 (17.0.3+7-LTS, mixed mode, tiered, compressed oops, compressed class ptrs, g1 gc, windows-amd64)
# Problematic frame:
# C  [atio6axx.dll+0x192b60]
#
# No core dump will be written. Minidumps are not enabled by default on client versions of Windows
#
# If you would like to submit a bug report, please visit:
#   https://github.com/microsoft/openjdk/issues
# The crash happened outside the Java Virtual Machine in native code.
# See problematic frame for where to report the bug.
#

---------------  S U M M A R Y ------------

Command Line: -XX:HeapDumpPath=MojangTricksIntelDriversForPerformance_javaw.exe_minecraft.exe.heapdump -Dos.name=Windows 10 -Dos.version=10.0 -Xss1M -Djava.library.path=C:\Users\bccle\curseforge\minecraft\Install\bin\2465cb2a68998872f1b57e9097d8dae3b7d027d2 -Dminecraft.launcher.brand=minecraft-launcher -Dminecraft.launcher.version=2.6.16 -Djava.net.preferIPv6Addresses=system -DignoreList=bootstraplauncher,securejarhandler,asm-commons,asm-util,asm-analysis,asm-tree,asm,JarJarFileSystems,client-extra,fmlcore,javafmllanguage,lowcodelanguage,mclanguage,forge-,forge-43.2.13.jar,forge-43.2.13 -DmergeModules=jna-5.10.0.jar,jna-platform-5.10.0.jar -DlibraryDirectory=C:\Users\bccle\curseforge\minecraft\Install\libraries --module-path=C:\Users\bccle\curseforge\minecraft\Install\libraries/cpw/mods/bootstraplauncher/1.1.2/bootstraplauncher-1.1.2.jar;C:\Users\bccle\curseforge\minecraft\Install\libraries/cpw/mods/securejarhandler/2.1.4/securejarhandler-2.1.4.jar;C:\Users\bccle\curseforge\minecraft\Install\libraries/org/ow2/asm/asm-commons/9.3/asm-commons-9.3.jar;C:\Users\bccle\curseforge\minecraft\Install\libraries/org/ow2/asm/asm-util/9.3/asm-util-9.3.jar;C:\Users\bccle\curseforge\minecraft\Install\libraries/org/ow2/asm/asm-analysis/9.3/asm-analysis-9.3.jar;C:\Users\bccle\curseforge\minecraft\Install\libraries/org/ow2/asm/asm-tree/9.3/asm-tree-9.3.jar;C:\Users\bccle\curseforge\minecraft\Install\libraries/org/ow2/asm/asm/9.3/asm-9.3.jar;C:\Users\bccle\curseforge\minecraft\Install\libraries/net/minecraftforge/JarJarFileSystems/0.3.16/JarJarFileSystems-0.3.16.jar --add-modules=ALL-MODULE-PATH --add-opens=java.base/java.util.jar=cpw.mods.securejarhandler --add-opens=java.base/java.lang.invoke=cpw.mods.securejarhandler --add-exports=java.base/sun.security.util=cpw.mods.securejarhandler --add-exports=jdk.naming.dns/com.sun.jndi.dns=java.naming -Xmx12096m -Xms1256m -Dminecraft.applet.TargetDirectory=C:\Users\bccle\curseforge\minecraft\Instances\MineColonies Official -Dfml.ignorePatchDiscrepancies=true -Dfml.ignoreInvalidMinecraftCertificates=true -Duser.language=en -Duser.country=US -Dlog4j.configurationFile=C:\Users\bccle\curseforge\minecraft\Install\assets\log_configs\client-1.12.xml cpw.mods.bootstraplauncher.BootstrapLauncher --username madcollock --version forge-43.2.13 --gameDir C:\Users\bccle\curseforge\minecraft\Instances\MineColonies Official --assetsDir C:\Users\bccle\curseforge\minecraft\Install\assets --assetIndex 1.19 --uuid c0caae06426c4b21914d7a650a8a71af -WUEbfI8l5S_H0 --clientId MDA5NTM2MmUtOTc1Ny00ZDBmLWFlMmYtMmFmOTk0ZDBkYTVk --xuid 2535444550111494 --userType msa --versionType release --width 1024 --height 768 --launchTarget forgeclient --fml.forgeVersion 43.2.13 --fml.mcVersion 1.19.2 --fml.forgeGroup net.minecraftforge --fml.mcpVersion 20220805.130853

Host: Intel(R) Core(TM) i7-7700K CPU @ 4.20GHz, 8 cores, 31G,  Windows 10 , 64 bit Build 19041 (10.0.19041.3155)
Time: Sat Aug 12 12:49:37 2023 Eastern Daylight Time elapsed time: 13.574483 seconds (0d 0h 0m 13s)

---------------  T H R E A D  ---------------

Current thread (0x00000134d0456da0):  JavaThread "Render thread" [_thread_in_native, id=2704, stack(0x0000002976c00000,0x0000002976d00000)]

Stack: [0x0000002976c00000,0x0000002976d00000],  sp=0x0000002976cfab58,  free space=1002k
Native frames: (J=compiled Java code, j=interpreted, Vv=VM code, C=native code)
C  [atio6axx.dll+0x192b60]

Java frames: (J=compiled Java code, j=interpreted, Vv=VM code)
j  org.lwjgl.system.JNI.invokePPPP(IIJJJJ)J+0 org.lwjgl@3.3.1+7
j  org.lwjgl.glfw.GLFW.nglfwCreateWindow(IIJJJ)J+14 org.lwjgl.glfw@3.3.1+7
j  org.lwjgl.glfw.GLFW.glfwCreateWindow(IILjava/lang/CharSequence;JJ)J+34 org.lwjgl.glfw@3.3.1+7
j  net.minecraftforge.client.loading.NoVizFallback.lambda$fallback$0(Ljava/util/function/IntSupplier;Ljava/util/function/IntSupplier;Ljava/util/function/Supplier;Ljava/util/function/LongSupplier;)J+28 forge@43.2.13
j  net.minecraftforge.client.loading.NoVizFallback$$Lambda$4455+0x0000000800c3cae0.getAsLong()J+16 forge@43.2.13
j  net.minecraftforge.fml.loading.progress.EarlyProgressVisualization$Visualization$$Lambda$4456+0x0000000800c379d0.apply(Ljava/lang/Object;)Ljava/lang/Object;+4 fmlloader@1.19.2-43.2.13
J 3807 c2 java.util.Optional.map(Ljava/util/function/Function;)Ljava/util/Optional; java.base@17.0.3 (30 bytes) @ 0x00000134db747984 [0x00000134db747920+0x0000000000000064]
j  net.minecraftforge.fml.loading.progress.EarlyProgressVisualization$Visualization.handOffWindow(Ljava/util/function/IntSupplier;Ljava/util/function/IntSupplier;Ljava/util/function/Supplier;Ljava/util/function/LongSupplier;)J+48 fmlloader@1.19.2-43.2.13
j  net.minecraftforge.fml.loading.progress.EarlyProgressVisualization.handOffWindow(Ljava/util/function/IntSupplier;Ljava/util/function/IntSupplier;Ljava/util/function/Supplier;Ljava/util/function/LongSupplier;)J+9 fmlloader@1.19.2-43.2.13
j  com.mojang.blaze3d.platform.Window.<init>(Lcom/mojang/blaze3d/platform/WindowEventHandler;Lcom/mojang/blaze3d/platform/ScreenManager;Lcom/mojang/blaze3d/platform/DisplayData;Ljava/lang/String;Ljava/lang/String;)V+279 minecraft@1.19.2
j  net.minecraft.client.renderer.VirtualScreen.m_110872_(Lcom/mojang/blaze3d/platform/DisplayData;Ljava/lang/String;Ljava/lang/String;)Lcom/mojang/blaze3d/platform/Window;+15 minecraft@1.19.2
j  net.minecraft.client.Minecraft.<init>(Lnet/minecraft/client/main/GameConfig;)V+778 minecraft@1.19.2
j  net.minecraft.client.main.Main.m_239872_([Ljava/lang/String;Z)V+1356 minecraft@1.19.2
j  net.minecraft.client.main.Main.main([Ljava/lang/String;)V+26 minecraft@1.19.2
v  ~StubRoutines::call_stub
j  jdk.internal.reflect.NativeMethodAccessorImpl.invoke0(Ljava/lang/reflect/Method;Ljava/lang/Object;[Ljava/lang/Object;)Ljava/lang/Object;+0 java.base@17.0.3
j  jdk.internal.reflect.NativeMethodAccessorImpl.invoke(Ljava/lang/Object;[Ljava/lang/Object;)Ljava/lang/Object;+133 java.base@17.0.3
j  jdk.internal.reflect.DelegatingMethodAccessorImpl.invoke(Ljava/lang/Object;[Ljava/lang/Object;)Ljava/lang/Object;+6 java.base@17.0.3
j  java.lang.reflect.Method.invoke(Ljava/lang/Object;[Ljava/lang/Object;)Ljava/lang/Object;+59 java.base@17.0.3
j  net.minecraftforge.fml.loading.targets.CommonClientLaunchHandler.lambda$launchService$0(Ljava/lang/ModuleLayer;[Ljava/lang/String;)V+40 fmlloader@1.19.2-43.2.13
j  net.minecraftforge.fml.loading.targets.CommonClientLaunchHandler$$Lambda$886+0x0000000800498510.run()V+8 fmlloader@1.19.2-43.2.13
j  cpw.mods.modlauncher.LaunchServiceHandlerDecorator.launch([Ljava/lang/String;Ljava/lang/ModuleLayer;)V+11 cpw.mods.modlauncher@10.0.8
j  cpw.mods.modlauncher.LaunchServiceHandler.launch(Ljava/lang/String;[Ljava/lang/String;Ljava/lang/ModuleLayer;Lcpw/mods/modlauncher/TransformingClassLoader;Lcpw/mods/modlauncher/LaunchPluginHandler;)V+58 cpw.mods.modlauncher@10.0.8
j  cpw.mods.modlauncher.LaunchServiceHandler.launch(Lcpw/mods/modlauncher/ArgumentHandler;Ljava/lang/ModuleLayer;Lcpw/mods/modlauncher/TransformingClassLoader;Lcpw/mods/modlauncher/LaunchPluginHandler;)V+21 cpw.mods.modlauncher@10.0.8
j  cpw.mods.modlauncher.Launcher.run([Ljava/lang/String;)V+310 cpw.mods.modlauncher@10.0.8
j  cpw.mods.modlauncher.Launcher.main([Ljava/lang/String;)V+78 cpw.mods.modlauncher@10.0.8
j  cpw.mods.modlauncher.BootstrapLaunchConsumer.accept([Ljava/lang/String;)V+1 cpw.mods.modlauncher@10.0.8
j  cpw.mods.modlauncher.BootstrapLaunchConsumer.accept(Ljava/lang/Object;)V+5 cpw.mods.modlauncher@10.0.8
j  cpw.mods.bootstraplauncher.BootstrapLauncher.main([Ljava/lang/String;)V+515 cpw.mods.bootstraplauncher@1.1.2
v  ~StubRoutines::call_stub

siginfo: EXCEPTION_ACCESS_VIOLATION (0xc0000005), reading address 0xffffffffffffffff


Register to memory mapping:

RIP=0x00007ffe8a9e2b60 atio6axx.dll
RAX=0x0 is NULL
RBX=0x00007ffe8e2233b0 atio6axx.dll
RCX=0x6f6a493046576169 is an unknown value
RDX=0x00000000000000d1 is an unknown value
RSP=0x0000002976cfab58 is pointing into the stack for thread: 0x00000134d0456da0
RBP=0x0000002976cfacc0 is pointing into the stack for thread: 0x00000134d0456da0
RSI=0x00007ffe8e132d40 atio6axx.dll
RDI=0x0000002976cfafb0 is pointing into the stack for thread: 0x00000134d0456da0
R8 =0x00000000000001a5 is an unknown value
R9 =0x6f6a493046576169 is an unknown value
R10=0x0 is NULL
R11=0x0000000000000200 is an unknown value
R12=0x00007ffe8e223408 atio6axx.dll
R13=0x00007ffe8e225c08 atio6axx.dll
R14=0x00007ffe8e2233b0 atio6axx.dll
R15=0x0 is NULL


Registers:
RAX=0x0000000000000000, RBX=0x00007ffe8e2233b0, RCX=0x6f6a493046576169, RDX=0x00000000000000d1
RSP=0x0000002976cfab58, RBP=0x0000002976cfacc0, RSI=0x00007ffe8e132d40, RDI=0x0000002976cfafb0
R8 =0x00000000000001a5, R9 =0x6f6a493046576169, R10=0x0000000000000000, R11=0x0000000000000200
R12=0x00007ffe8e223408, R13=0x00007ffe8e225c08, R14=0x00007ffe8e2233b0, R15=0x0000000000000000
RIP=0x00007ffe8a9e2b60, EFLAGS=0x0000000000010206

Top of Stack: (sp=0x0000002976cfab58)
0x0000002976cfab58:   00007ffe8a9e2e7c 00007ffe8e226020
0x0000002976cfab68:   000001348c85c988 000000000000004a
0x0000002976cfab78:   00007ffe8e132d40 0000002976cfafb0
0x0000002976cfab88:   00007ffe8a99f484 00007ffe8e2233b0
0x0000002976cfab98:   00007ffe8e132d40 00002e776176616a
0x0000002976cfaba8:   00007778304c4705 0000002976cfafb0
0x0000002976cfabb8:   00007ffe8a9a0457 00007ffe8e2233b8
0x0000002976cfabc8:   000000000000004a 00007ffe8e2233b8
0x0000002976cfabd8:   000001348b42f38c 00007ffe8e2233b0
0x0000002976cfabe8:   00007fff00000000 0000000000000009
0x0000002976cfabf8:   000001348b42f544 000001348b42f690
0x0000002976cfac08:   00007ffe8e2233b8 0000002976cfafb0
0x0000002976cfac18:   0000002976cfadaa 00007f006176616a
0x0000002976cfac28:   00007f006176616a 46676e697274535c
0x0000002976cfac38:   5c6f666e49656c69 3062343039303430
0x0000002976cfac48:   726556656c69465c 000000006e6f6973 

Instructions: (pc=0x00007ffe8a9e2b60)
0x00007ffe8a9e2a60:   74 09 33 c9 ff 15 e6 89 66 03 90 48 8b c3 48 83
0x00007ffe8a9e2a70:   c4 20 5b c3 cc cc cc cc cc cc cc cc cc cc cc cc
0x00007ffe8a9e2a80:   48 83 ec 28 48 8b 51 08 48 85 d2 74 09 33 c9 ff
0x00007ffe8a9e2a90:   15 bb 89 66 03 90 48 83 c4 28 c3 cc cc cc cc cc
0x00007ffe8a9e2aa0:   48 89 11 c3 cc cc cc cc cc cc cc cc cc cc cc cc
0x00007ffe8a9e2ab0:   48 8b c1 c3 cc cc cc cc cc cc cc cc cc cc cc cc
0x00007ffe8a9e2ac0:   48 3b ca 74 10 41 8b 00 39 01 74 09 48 83 c1 04
0x00007ffe8a9e2ad0:   48 3b ca 75 f3 48 8b c1 c3 cc cc cc cc cc cc cc
0x00007ffe8a9e2ae0:   48 8b c1 c3 cc cc cc cc cc cc cc cc cc cc cc cc
0x00007ffe8a9e2af0:   48 83 39 00 0f 94 c0 c3 cc cc cc cc cc cc cc cc
0x00007ffe8a9e2b00:   4c 8d 04 d5 00 00 00 00 33 d2 e9 c1 d0 dd 01 cc
0x00007ffe8a9e2b10:   4c 8b 41 08 48 8b 02 49 89 00 48 83 41 08 08 c3
0x00007ffe8a9e2b20:   48 8b c1 c3 cc cc cc cc cc cc cc cc cc cc cc cc
0x00007ffe8a9e2b30:   48 8b c1 c3 cc cc cc cc cc cc cc cc cc cc cc cc
0x00007ffe8a9e2b40:   49 8b 00 48 89 02 c3 cc cc cc cc cc cc cc cc cc
0x00007ffe8a9e2b50:   8b 81 40 39 00 00 c3 cc cc cc cc cc cc cc cc cc
0x00007ffe8a9e2b60:   8b 81 40 39 00 00 83 c0 f0 83 f8 67 0f 87 5a 01
0x00007ffe8a9e2b70:   00 00 48 8d 15 87 d4 e6 ff 0f b6 84 02 f0 2c 19
0x00007ffe8a9e2b80:   00 8b 8c 82 d0 2c 19 00 48 03 ca ff e1 48 8b 0d
0x00007ffe8a9e2b90:   6c 6f 7e 03 83 b9 b4 34 00 00 02 0f 87 2b 01 00
0x00007ffe8a9e2ba0:   00 48 8d 91 0c 29 00 00 c7 02 e1 00 00 00 e9 ce
0x00007ffe8a9e2bb0:   00 00 00 48 8b 0d 46 6f 7e 03 83 b9 b4 34 00 00
0x00007ffe8a9e2bc0:   02 0f 87 05 01 00 00 48 8d 91 0c 29 00 00 c7 02
0x00007ffe8a9e2bd0:   f0 00 00 00 e9 a8 00 00 00 48 8b 0d 20 6f 7e 03
0x00007ffe8a9e2be0:   83 b9 b4 34 00 00 02 0f 87 df 00 00 00 48 8d 91
0x00007ffe8a9e2bf0:   0c 29 00 00 c7 02 00 04 00 00 e9 82 00 00 00 48
0x00007ffe8a9e2c00:   8b 0d fa 6e 7e 03 83 b9 b4 34 00 00 02 0f 87 b9
0x00007ffe8a9e2c10:   00 00 00 48 8d 91 0c 29 00 00 c7 02 00 08 00 00
0x00007ffe8a9e2c20:   eb 5f 48 8b 0d d7 6e 7e 03 83 b9 b4 34 00 00 02
0x00007ffe8a9e2c30:   0f 87 96 00 00 00 48 8d 91 0c 29 00 00 c7 02 00
0x00007ffe8a9e2c40:   09 00 00 eb 3c 48 8b 0d b4 6e 7e 03 83 b9 b4 34
0x00007ffe8a9e2c50:   00 00 02 77 77 48 8d 91 0c 29 00 00 c7 02 3c 0f 


Stack slot to memory mapping:
stack at sp + 0 slots: 0x00007ffe8a9e2e7c atio6axx.dll
stack at sp + 1 slots: 0x00007ffe8e226020 atio6axx.dll
stack at sp + 2 slots: 0x000001348c85c988 points into unknown readable memory: 0x00007ffe8da2f5f0 | f0 f5 a2 8d fe 7f 00 00
stack at sp + 3 slots: 0x000000000000004a is an unknown value
stack at sp + 4 slots: 0x00007ffe8e132d40 atio6axx.dll
stack at sp + 5 slots: 0x0000002976cfafb0 is pointing into the stack for thread: 0x00000134d0456da0
stack at sp + 6 slots: 0x00007ffe8a99f484 atio6axx.dll
stack at sp + 7 slots: 0x00007ffe8e2233b0 atio6axx.dll


---------------  P R O C E S S  ---------------

Threads class SMR info:
_java_thread_list=0x000001348588b580, length=17, elements={
0x00000134d0456da0, 0x00000134ffc10ae0, 0x00000134ffc11660, 0x00000134ff21e510,
0x00000134ffc64400, 0x00000134ffc64cc0, 0x00000134ffc65580, 0x00000134ffc69670,
0x00000134ffc6bb90, 0x00000134ffc84030, 0x00000134ffd93a60, 0x00000134828dee80,
0x0000013484b6cec0, 0x0000013483c6d9d0, 0x0000013486c76920, 0x0000013487778e60,
0x000001348777e030
}

Java Threads: ( => current thread )
=>0x00000134d0456da0 JavaThread "Render thread" [_thread_in_native, id=2704, stack(0x0000002976c00000,0x0000002976d00000)]
  0x00000134ffc10ae0 JavaThread "Reference Handler" daemon [_thread_blocked, id=7244, stack(0x0000002977300000,0x0000002977400000)]
  0x00000134ffc11660 JavaThread "Finalizer" daemon [_thread_blocked, id=4392, stack(0x0000002977400000,0x0000002977500000)]
  0x00000134ff21e510 JavaThread "Signal Dispatcher" daemon [_thread_blocked, id=12132, stack(0x0000002977500000,0x0000002977600000)]
  0x00000134ffc64400 JavaThread "Attach Listener" daemon [_thread_blocked, id=10812, stack(0x0000002977600000,0x0000002977700000)]
  0x00000134ffc64cc0 JavaThread "Service Thread" daemon [_thread_blocked, id=9336, stack(0x0000002977700000,0x0000002977800000)]
  0x00000134ffc65580 JavaThread "Monitor Deflation Thread" daemon [_thread_blocked, id=7248, stack(0x0000002977800000,0x0000002977900000)]
  0x00000134ffc69670 JavaThread "C2 CompilerThread0" daemon [_thread_blocked, id=12260, stack(0x0000002977900000,0x0000002977a00000)]
  0x00000134ffc6bb90 JavaThread "C1 CompilerThread0" daemon [_thread_blocked, id=5796, stack(0x0000002977a00000,0x0000002977b00000)]
  0x00000134ffc84030 JavaThread "Sweeper thread" daemon [_thread_blocked, id=5992, stack(0x0000002977b00000,0x0000002977c00000)]
  0x00000134ffd93a60 JavaThread "Common-Cleaner" daemon [_thread_blocked, id=5600, stack(0x0000002977c00000,0x0000002977d00000)]
  0x00000134828dee80 JavaThread "Notification Thread" daemon [_thread_blocked, id=7524, stack(0x0000002977e00000,0x0000002977f00000)]
  0x0000013484b6cec0 JavaThread "Thread-0" daemon [_thread_blocked, id=10624, stack(0x0000002978b00000,0x0000002978c00000)]
  0x0000013483c6d9d0 JavaThread "FileSystemWatchService" daemon [_thread_in_native, id=1128, stack(0x0000002978c00000,0x0000002978d00000)]
  0x0000013486c76920 JavaThread "pool-2-thread-1" daemon [_thread_blocked, id=2764, stack(0x0000002978d00000,0x0000002978e00000)]
  0x0000013487778e60 JavaThread "Timer hack thread" daemon [_thread_blocked, id=10780, stack(0x0000002979100000,0x0000002979200000)]
  0x000001348777e030 JavaThread "Keep-Alive-Timer" daemon [_thread_blocked, id=11904, stack(0x0000002979300000,0x0000002979400000)]

Other Threads:
  0x00000134ffc26bc0 VMThread "VM Thread" [stack: 0x0000002977200000,0x0000002977300000] [id=3312]
  0x00000134ff027270 WatcherThread [stack: 0x0000002977f00000,0x0000002978000000] [id=5904]
  0x00000134d0511b10 GCTaskThread "GC Thread#0" [stack: 0x0000002976d00000,0x0000002976e00000] [id=10656]
  0x0000013482f16030 GCTaskThread "GC Thread#1" [stack: 0x0000002978100000,0x0000002978200000] [id=9480]
  0x0000013482e7cff0 GCTaskThread "GC Thread#2" [stack: 0x0000002978200000,0x0000002978300000] [id=1944]
  0x0000013482e7d2a0 GCTaskThread "GC Thread#3" [stack: 0x0000002978300000,0x0000002978400000] [id=9524]
  0x0000013483afc510 GCTaskThread "GC Thread#4" [stack: 0x0000002978400000,0x0000002978500000] [id=7492]
  0x0000013483afd3e0 GCTaskThread "GC Thread#5" [stack: 0x0000002978500000,0x0000002978600000] [id=2872]
  0x0000013483accf90 GCTaskThread "GC Thread#6" [stack: 0x0000002978600000,0x0000002978700000] [id=3084]
  0x0000013483acd240 GCTaskThread "GC Thread#7" [stack: 0x0000002978700000,0x0000002978800000] [id=10256]
  0x00000134ff020080 ConcurrentGCThread "G1 Main Marker" [stack: 0x0000002976e00000,0x0000002976f00000] [id=10748]
  0x00000134ff0208a0 ConcurrentGCThread "G1 Conc#0" [stack: 0x0000002976f00000,0x0000002977000000] [id=3280]
  0x0000013485d4ac30 ConcurrentGCThread "G1 Conc#1" [stack: 0x0000002978a00000,0x0000002978b00000] [id=9188]
  0x00000134ff1a4040 ConcurrentGCThread "G1 Refine#0" [stack: 0x0000002977000000,0x0000002977100000] [id=88]
  0x0000013482f35f00 ConcurrentGCThread "G1 Refine#1" [stack: 0x0000002978800000,0x0000002978900000] [id=10360]
  0x0000013483acf910 ConcurrentGCThread "G1 Refine#2" [stack: 0x0000002978900000,0x0000002978a00000] [id=11036]
  0x00000134ff1a4960 ConcurrentGCThread "G1 Service" [stack: 0x0000002977100000,0x0000002977200000] [id=6064]

Threads with active compile tasks:

VM state: not at safepoint (normal execution)

VM Mutex/Monitor currently owned by a thread: None

Heap address: 0x000000050c000000, size: 12096 MB, Compressed Oops mode: Zero based, Oop shift amount: 3

CDS archive(s) not mapped
Compressed class space mapped at: 0x0000000800000000-0x0000000840000000, reserved size: 1073741824
Narrow klass base: 0x0000000800000000, Narrow klass shift: 0, Narrow klass range: 0x40000000

GC Precious Log:
 CPUs: 8 total, 8 available
 Memory: 32721M
 Large Page Support: Disabled
 NUMA Support: Disabled
 Compressed Oops: Enabled (Zero based)
 Heap Region Size: 8M
 Heap Min Capacity: 1256M
 Heap Initial Capacity: 1256M
 Heap Max Capacity: 12096M
 Pre-touch: Disabled
 Parallel Workers: 8
 Concurrent Workers: 2
 Concurrent Refinement Workers: 8
 Periodic GC: Disabled

Heap:
 garbage-first heap   total 1286144K, used 795503K [0x000000050c000000, 0x0000000800000000)
  region size 8192K, 76 young (622592K), 8 survivors (65536K)
 Metaspace       used 88180K, committed 89536K, reserved 1130496K
  class space    used 12009K, committed 12608K, reserved 1048576K

Heap Regions: E=young(eden), S=young(survivor), O=old, HS=humongous(starts), HC=humongous(continues), CS=collection set, F=free, OA=open archive, CA=closed archive, TAMS=top-at-mark-start (previous, next)
|   0|0x000000050c000000, 0x000000050c800000, 0x000000050c800000|100%| O|  |TAMS 0x000000050c800000, 0x000000050c000000| Untracked 
|   1|0x000000050c800000, 0x000000050d000000, 0x000000050d000000|100%| O|  |TAMS 0x000000050d000000, 0x000000050c800000| Untracked 
|   2|0x000000050d000000, 0x000000050d800000, 0x000000050d800000|100%| O|  |TAMS 0x000000050d800000, 0x000000050d000000| Untracked 
|   3|0x000000050d800000, 0x000000050e000000, 0x000000050e000000|100%|HS|  |TAMS 0x000000050e000000, 0x000000050d800000| Complete 
|   4|0x000000050e000000, 0x000000050e800000, 0x000000050e800000|100%| O|  |TAMS 0x000000050e800000, 0x000000050e000000| Untracked 
|   5|0x000000050e800000, 0x000000050f000000, 0x000000050f000000|100%|HS|  |TAMS 0x000000050f000000, 0x000000050e800000| Complete 
|   6|0x000000050f000000, 0x000000050f800000, 0x000000050f800000|100%| O|  |TAMS 0x000000050f800000, 0x000000050f000000| Untracked 
|   7|0x000000050f800000, 0x0000000510000000, 0x0000000510000000|100%| O|  |TAMS 0x0000000510000000, 0x000000050f800000| Untracked 
|   8|0x0000000510000000, 0x0000000510800000, 0x0000000510800000|100%| O|  |TAMS 0x0000000510800000, 0x0000000510000000| Untracked 
|   9|0x0000000510800000, 0x0000000511000000, 0x0000000511000000|100%| O|  |TAMS 0x0000000511000000, 0x0000000510800000| Untracked 
|  10|0x0000000511000000, 0x0000000511800000, 0x0000000511800000|100%| O|  |TAMS 0x0000000511800000, 0x0000000511000000| Untracked 
|  11|0x0000000511800000, 0x0000000512000000, 0x0000000512000000|100%| O|  |TAMS 0x0000000512000000, 0x0000000511800000| Untracked 
|  12|0x0000000512000000, 0x0000000512800000, 0x0000000512800000|100%| O|  |TAMS 0x0000000512800000, 0x0000000512000000| Untracked 
|  13|0x0000000512800000, 0x0000000513000000, 0x0000000513000000|100%| O|  |TAMS 0x0000000513000000, 0x0000000512800000| Untracked 
|  14|0x0000000513000000, 0x0000000513800000, 0x0000000513800000|100%| O|  |TAMS 0x0000000513800000, 0x0000000513000000| Untracked 
|  15|0x0000000513800000, 0x0000000514000000, 0x0000000514000000|100%| O|  |TAMS 0x0000000514000000, 0x0000000513800000| Untracked 
|  16|0x0000000514000000, 0x0000000514800000, 0x0000000514800000|100%|HS|  |TAMS 0x0000000514800000, 0x0000000514000000| Complete 
|  17|0x0000000514800000, 0x0000000515000000, 0x0000000515000000|100%|HS|  |TAMS 0x0000000515000000, 0x0000000514800000| Complete 
|  18|0x0000000515000000, 0x0000000515800000, 0x0000000515800000|100%|HC|  |TAMS 0x0000000515800000, 0x0000000515000000| Complete 
|  19|0x0000000515800000, 0x0000000516000000, 0x0000000516000000|100%| O|  |TAMS 0x0000000516000000, 0x0000000515800000| Untracked 
|  20|0x0000000516000000, 0x0000000516800000, 0x0000000516800000|100%| O|  |TAMS 0x0000000516299e00, 0x0000000516000000| Untracked 
|  21|0x0000000516800000, 0x0000000517000000, 0x0000000517000000|100%| O|  |TAMS 0x0000000516800000, 0x0000000516800000| Untracked 
|  22|0x0000000517000000, 0x000000051745c200, 0x0000000517800000| 54%| O|  |TAMS 0x0000000517000000, 0x0000000517000000| Untracked 
|  23|0x0000000517800000, 0x0000000517800000, 0x0000000518000000|  0%| F|  |TAMS 0x0000000517800000, 0x0000000517800000| Untracked 
|  24|0x0000000518000000, 0x0000000518000000, 0x0000000518800000|  0%| F|  |TAMS 0x0000000518000000, 0x0000000518000000| Untracked 
|  25|0x0000000518800000, 0x0000000518800000, 0x0000000519000000|  0%| F|  |TAMS 0x0000000518800000, 0x0000000518800000| Untracked 
|  26|0x0000000519000000, 0x0000000519000000, 0x0000000519800000|  0%| F|  |TAMS 0x0000000519000000, 0x0000000519000000| Untracked 
|  27|0x0000000519800000, 0x0000000519800000, 0x000000051a000000|  0%| F|  |TAMS 0x0000000519800000, 0x0000000519800000| Untracked 
|  28|0x000000051a000000, 0x000000051a000000, 0x000000051a800000|  0%| F|  |TAMS 0x000000051a000000, 0x000000051a000000| Untracked 
|  29|0x000000051a800000, 0x000000051a800000, 0x000000051b000000|  0%| F|  |TAMS 0x000000051a800000, 0x000000051a800000| Untracked 
|  30|0x000000051b000000, 0x000000051b000000, 0x000000051b800000|  0%| F|  |TAMS 0x000000051b000000, 0x000000051b000000| Untracked 
|  31|0x000000051b800000, 0x000000051b800000, 0x000000051c000000|  0%| F|  |TAMS 0x000000051b800000, 0x000000051b800000| Untracked 
|  32|0x000000051c000000, 0x000000051c000000, 0x000000051c800000|  0%| F|  |TAMS 0x000000051c000000, 0x000000051c000000| Untracked 
|  33|0x000000051c800000, 0x000000051c800000, 0x000000051d000000|  0%| F|  |TAMS 0x000000051c800000, 0x000000051c800000| Untracked 
|  34|0x000000051d000000, 0x000000051d000000, 0x000000051d800000|  0%| F|  |TAMS 0x000000051d000000, 0x000000051d000000| Untracked 
|  35|0x000000051d800000, 0x000000051d800000, 0x000000051e000000|  0%| F|  |TAMS 0x000000051d800000, 0x000000051d800000| Untracked 
|  36|0x000000051e000000, 0x000000051e000000, 0x000000051e800000|  0%| F|  |TAMS 0x000000051e000000, 0x000000051e000000| Untracked 
|  37|0x000000051e800000, 0x000000051e800000, 0x000000051f000000|  0%| F|  |TAMS 0x000000051e800000, 0x000000051e800000| Untracked 
|  38|0x000000051f000000, 0x000000051f000000, 0x000000051f800000|  0%| F|  |TAMS 0x000000051f000000, 0x000000051f000000| Untracked 
|  39|0x000000051f800000, 0x000000051f800000, 0x0000000520000000|  0%| F|  |TAMS 0x000000051f800000, 0x000000051f800000| Untracked 
|  40|0x0000000520000000, 0x0000000520000000, 0x0000000520800000|  0%| F|  |TAMS 0x0000000520000000, 0x0000000520000000| Untracked 
|  41|0x0000000520800000, 0x0000000520800000, 0x0000000521000000|  0%| F|  |TAMS 0x0000000520800000, 0x0000000520800000| Untracked 
|  42|0x0000000521000000, 0x0000000521000000, 0x0000000521800000|  0%| F|  |TAMS 0x0000000521000000, 0x0000000521000000| Untracked 
|  43|0x0000000521800000, 0x0000000521800000, 0x0000000522000000|  0%| F|  |TAMS 0x0000000521800000, 0x0000000521800000| Untracked 
|  44|0x0000000522000000, 0x0000000522000000, 0x0000000522800000|  0%| F|  |TAMS 0x0000000522000000, 0x0000000522000000| Untracked 
|  45|0x0000000522800000, 0x0000000522800000, 0x0000000523000000|  0%| F|  |TAMS 0x0000000522800000, 0x0000000522800000| Untracked 
|  46|0x0000000523000000, 0x0000000523000000, 0x0000000523800000|  0%| F|  |TAMS 0x0000000523000000, 0x0000000523000000| Untracked 
|  47|0x0000000523800000, 0x0000000523800000, 0x0000000524000000|  0%| F|  |TAMS 0x0000000523800000, 0x0000000523800000| Untracked 
|  48|0x0000000524000000, 0x0000000524000000, 0x0000000524800000|  0%| F|  |TAMS 0x0000000524000000, 0x0000000524000000| Untracked 
|  49|0x0000000524800000, 0x0000000524800000, 0x0000000525000000|  0%| F|  |TAMS 0x0000000524800000, 0x0000000524800000| Untracked 
|  50|0x0000000525000000, 0x0000000525000000, 0x0000000525800000|  0%| F|  |TAMS 0x0000000525000000, 0x0000000525000000| Untracked 
|  51|0x0000000525800000, 0x0000000525800000, 0x0000000526000000|  0%| F|  |TAMS 0x0000000525800000, 0x0000000525800000| Untracked 
|  52|0x0000000526000000, 0x0000000526000000, 0x0000000526800000|  0%| F|  |TAMS 0x0000000526000000, 0x0000000526000000| Untracked 
|  53|0x0000000526800000, 0x0000000526800000, 0x0000000527000000|  0%| F|  |TAMS 0x0000000526800000, 0x0000000526800000| Untracked 
|  54|0x0000000527000000, 0x0000000527000000, 0x0000000527800000|  0%| F|  |TAMS 0x0000000527000000, 0x0000000527000000| Untracked 
|  55|0x0000000527800000, 0x0000000527800000, 0x0000000528000000|  0%| F|  |TAMS 0x0000000527800000, 0x0000000527800000| Untracked 
|  56|0x0000000528000000, 0x0000000528000000, 0x0000000528800000|  0%| F|  |TAMS 0x0000000528000000, 0x0000000528000000| Untracked 
|  57|0x0000000528800000, 0x0000000528800000, 0x0000000529000000|  0%| F|  |TAMS 0x0000000528800000, 0x0000000528800000| Untracked 
|  58|0x0000000529000000, 0x0000000529000000, 0x0000000529800000|  0%| F|  |TAMS 0x0000000529000000, 0x0000000529000000| Untracked 
|  59|0x0000000529800000, 0x0000000529800000, 0x000000052a000000|  0%| F|  |TAMS 0x0000000529800000, 0x0000000529800000| Untracked 
|  60|0x000000052a000000, 0x000000052a000000, 0x000000052a800000|  0%| F|  |TAMS 0x000000052a000000, 0x000000052a000000| Untracked 
|  61|0x000000052a800000, 0x000000052a800000, 0x000000052b000000|  0%| F|  |TAMS 0x000000052a800000, 0x000000052a800000| Untracked 
|  62|0x000000052b000000, 0x000000052b000000, 0x000000052b800000|  0%| F|  |TAMS 0x000000052b000000, 0x000000052b000000| Untracked 
|  63|0x000000052b800000, 0x000000052b800000, 0x000000052c000000|  0%| F|  |TAMS 0x000000052b800000, 0x000000052b800000| Untracked 
|  64|0x000000052c000000, 0x000000052c000000, 0x000000052c800000|  0%| F|  |TAMS 0x000000052c000000, 0x000000052c000000| Untracked 
|  65|0x000000052c800000, 0x000000052c800000, 0x000000052d000000|  0%| F|  |TAMS 0x000000052c800000, 0x000000052c800000| Untracked 
|  66|0x000000052d000000, 0x000000052d000000, 0x000000052d800000|  0%| F|  |TAMS 0x000000052d000000, 0x000000052d000000| Untracked 
|  67|0x000000052d800000, 0x000000052d800000, 0x000000052e000000|  0%| F|  |TAMS 0x000000052d800000, 0x000000052d800000| Untracked 
|  68|0x000000052e000000, 0x000000052e000000, 0x000000052e800000|  0%| F|  |TAMS 0x000000052e000000, 0x000000052e000000| Untracked 
|  69|0x000000052e800000, 0x000000052e800000, 0x000000052f000000|  0%| F|  |TAMS 0x000000052e800000, 0x000000052e800000| Untracked 
|  70|0x000000052f000000, 0x000000052f000000, 0x000000052f800000|  0%| F|  |TAMS 0x000000052f000000, 0x000000052f000000| Untracked 
|  71|0x000000052f800000, 0x000000052f800000, 0x0000000530000000|  0%| F|  |TAMS 0x000000052f800000, 0x000000052f800000| Untracked 
|  72|0x0000000530000000, 0x0000000530000000, 0x0000000530800000|  0%| F|  |TAMS 0x0000000530000000, 0x0000000530000000| Untracked 
|  73|0x0000000530800000, 0x0000000530800000, 0x0000000531000000|  0%| F|  |TAMS 0x0000000530800000, 0x0000000530800000| Untracked 
|  74|0x0000000531000000, 0x0000000531000000, 0x0000000531800000|  0%| F|  |TAMS 0x0000000531000000, 0x0000000531000000| Untracked 
|  75|0x0000000531800000, 0x0000000531800000, 0x0000000532000000|  0%| F|  |TAMS 0x0000000531800000, 0x0000000531800000| Untracked 
|  76|0x0000000532000000, 0x0000000532000000, 0x0000000532800000|  0%| F|  |TAMS 0x0000000532000000, 0x0000000532000000| Untracked 
|  77|0x0000000532800000, 0x0000000532800000, 0x0000000533000000|  0%| F|  |TAMS 0x0000000532800000, 0x0000000532800000| Untracked 
|  78|0x0000000533000000, 0x0000000533000000, 0x0000000533800000|  0%| F|  |TAMS 0x0000000533000000, 0x0000000533000000| Untracked 
|  79|0x0000000533800000, 0x0000000533800000, 0x0000000534000000|  0%| F|  |TAMS 0x0000000533800000, 0x0000000533800000| Untracked 
|  80|0x0000000534000000, 0x0000000534000000, 0x0000000534800000|  0%| F|  |TAMS 0x0000000534000000, 0x0000000534000000| Untracked 
|  81|0x0000000534800000, 0x0000000535000000, 0x0000000535000000|100%| E|  |TAMS 0x0000000534800000, 0x0000000534800000| Complete 
|  82|0x0000000535000000, 0x0000000535800000, 0x0000000535800000|100%| E|CS|TAMS 0x0000000535000000, 0x0000000535000000| Complete 
|  83|0x0000000535800000, 0x0000000536000000, 0x0000000536000000|100%| E|CS|TAMS 0x0000000535800000, 0x0000000535800000| Complete 
|  84|0x0000000536000000, 0x0000000536800000, 0x0000000536800000|100%| E|CS|TAMS 0x0000000536000000, 0x0000000536000000| Complete 
|  85|0x0000000536800000, 0x0000000537000000, 0x0000000537000000|100%| E|CS|TAMS 0x0000000536800000, 0x0000000536800000| Complete 
|  86|0x0000000537000000, 0x0000000537800000, 0x0000000537800000|100%| E|CS|TAMS 0x0000000537000000, 0x0000000537000000| Complete 
|  87|0x0000000537800000, 0x0000000538000000, 0x0000000538000000|100%| E|CS|TAMS 0x0000000537800000, 0x0000000537800000| Complete 
|  88|0x0000000538000000, 0x0000000538800000, 0x0000000538800000|100%| E|CS|TAMS 0x0000000538000000, 0x0000000538000000| Complete 
|  89|0x0000000538800000, 0x0000000539000000, 0x0000000539000000|100%| E|CS|TAMS 0x0000000538800000, 0x0000000538800000| Complete 
|  90|0x0000000539000000, 0x0000000539800000, 0x0000000539800000|100%| E|CS|TAMS 0x0000000539000000, 0x0000000539000000| Complete 
|  91|0x0000000539800000, 0x000000053a000000, 0x000000053a000000|100%| E|CS|TAMS 0x0000000539800000, 0x0000000539800000| Complete 
|  92|0x000000053a000000, 0x000000053a800000, 0x000000053a800000|100%| E|CS|TAMS 0x000000053a000000, 0x000000053a000000| Complete 
|  93|0x000000053a800000, 0x000000053b000000, 0x000000053b000000|100%| E|CS|TAMS 0x000000053a800000, 0x000000053a800000| Complete 
|  94|0x000000053b000000, 0x000000053b800000, 0x000000053b800000|100%| E|CS|TAMS 0x000000053b000000, 0x000000053b000000| Complete 
|  95|0x000000053b800000, 0x000000053c000000, 0x000000053c000000|100%| E|CS|TAMS 0x000000053b800000, 0x000000053b800000| Complete 
|  96|0x000000053c000000, 0x000000053c800000, 0x000000053c800000|100%| E|CS|TAMS 0x000000053c000000, 0x000000053c000000| Complete 
|  97|0x000000053c800000, 0x000000053d000000, 0x000000053d000000|100%| E|CS|TAMS 0x000000053c800000, 0x000000053c800000| Complete 
|  98|0x000000053d000000, 0x000000053d800000, 0x000000053d800000|100%| E|CS|TAMS 0x000000053d000000, 0x000000053d000000| Complete 
|  99|0x000000053d800000, 0x000000053e000000, 0x000000053e000000|100%| E|CS|TAMS 0x000000053d800000, 0x000000053d800000| Complete 
| 100|0x000000053e000000, 0x000000053e800000, 0x000000053e800000|100%| E|CS|TAMS 0x000000053e000000, 0x000000053e000000| Complete 
| 101|0x000000053e800000, 0x000000053f000000, 0x000000053f000000|100%| E|CS|TAMS 0x000000053e800000, 0x000000053e800000| Complete 
| 102|0x000000053f000000, 0x000000053f800000, 0x000000053f800000|100%| E|CS|TAMS 0x000000053f000000, 0x000000053f000000| Complete 
| 103|0x000000053f800000, 0x0000000540000000, 0x0000000540000000|100%| E|CS|TAMS 0x000000053f800000, 0x000000053f800000| Complete 
| 104|0x0000000540000000, 0x0000000540800000, 0x0000000540800000|100%| E|CS|TAMS 0x0000000540000000, 0x0000000540000000| Complete 
| 105|0x0000000540800000, 0x0000000541000000, 0x0000000541000000|100%| E|CS|TAMS 0x0000000540800000, 0x0000000540800000| Complete 
| 106|0x0000000541000000, 0x0000000541800000, 0x0000000541800000|100%| E|CS|TAMS 0x0000000541000000, 0x0000000541000000| Complete 
| 107|0x0000000541800000, 0x0000000542000000, 0x0000000542000000|100%| E|CS|TAMS 0x0000000541800000, 0x0000000541800000| Complete 
| 108|0x0000000542000000, 0x0000000542800000, 0x0000000542800000|100%| E|CS|TAMS 0x0000000542000000, 0x0000000542000000| Complete 
| 109|0x0000000542800000, 0x0000000543000000, 0x0000000543000000|100%| E|CS|TAMS 0x0000000542800000, 0x0000000542800000| Complete 
| 110|0x0000000543000000, 0x0000000543800000, 0x0000000543800000|100%| E|CS|TAMS 0x0000000543000000, 0x0000000543000000| Complete 
| 111|0x0000000543800000, 0x0000000544000000, 0x0000000544000000|100%| E|CS|TAMS 0x0000000543800000, 0x0000000543800000| Complete 
| 112|0x0000000544000000, 0x0000000544800000, 0x0000000544800000|100%| E|CS|TAMS 0x0000000544000000, 0x0000000544000000| Complete 
| 113|0x0000000544800000, 0x0000000545000000, 0x0000000545000000|100%| E|CS|TAMS 0x0000000544800000, 0x0000000544800000| Complete 
| 114|0x0000000545000000, 0x0000000545800000, 0x0000000545800000|100%| E|CS|TAMS 0x0000000545000000, 0x0000000545000000| Complete 
| 115|0x0000000545800000, 0x0000000546000000, 0x0000000546000000|100%| E|CS|TAMS 0x0000000545800000, 0x0000000545800000| Complete 
| 116|0x0000000546000000, 0x0000000546800000, 0x0000000546800000|100%| E|CS|TAMS 0x0000000546000000, 0x0000000546000000| Complete 
| 117|0x0000000546800000, 0x0000000547000000, 0x0000000547000000|100%| E|CS|TAMS 0x0000000546800000, 0x0000000546800000| Complete 
| 118|0x0000000547000000, 0x0000000547800000, 0x0000000547800000|100%| E|CS|TAMS 0x0000000547000000, 0x0000000547000000| Complete 
| 119|0x0000000547800000, 0x0000000548000000, 0x0000000548000000|100%| E|CS|TAMS 0x0000000547800000, 0x0000000547800000| Complete 
| 120|0x0000000548000000, 0x0000000548800000, 0x0000000548800000|100%| E|CS|TAMS 0x0000000548000000, 0x0000000548000000| Complete 
| 121|0x0000000548800000, 0x0000000549000000, 0x0000000549000000|100%| E|CS|TAMS 0x0000000548800000, 0x0000000548800000| Complete 
| 122|0x0000000549000000, 0x0000000549800000, 0x0000000549800000|100%| E|CS|TAMS 0x0000000549000000, 0x0000000549000000| Complete 
| 123|0x0000000549800000, 0x000000054a000000, 0x000000054a000000|100%| E|CS|TAMS 0x0000000549800000, 0x0000000549800000| Complete 
| 124|0x000000054a000000, 0x000000054a800000, 0x000000054a800000|100%| E|CS|TAMS 0x000000054a000000, 0x000000054a000000| Complete 
| 125|0x000000054a800000, 0x000000054b000000, 0x000000054b000000|100%| E|CS|TAMS 0x000000054a800000, 0x000000054a800000| Complete 
| 126|0x000000054b000000, 0x000000054b800000, 0x000000054b800000|100%| E|CS|TAMS 0x000000054b000000, 0x000000054b000000| Complete 
| 127|0x000000054b800000, 0x000000054c000000, 0x000000054c000000|100%| E|CS|TAMS 0x000000054b800000, 0x000000054b800000| Complete 
| 128|0x000000054c000000, 0x000000054c800000, 0x000000054c800000|100%| E|CS|TAMS 0x000000054c000000, 0x000000054c000000| Complete 
| 129|0x000000054c800000, 0x000000054d000000, 0x000000054d000000|100%| E|CS|TAMS 0x000000054c800000, 0x000000054c800000| Complete 
| 130|0x000000054d000000, 0x000000054d800000, 0x000000054d800000|100%| E|CS|TAMS 0x000000054d000000, 0x000000054d000000| Complete 
| 131|0x000000054d800000, 0x000000054e000000, 0x000000054e000000|100%| E|CS|TAMS 0x000000054d800000, 0x000000054d800000| Complete 
| 132|0x000000054e000000, 0x000000054e800000, 0x000000054e800000|100%| E|CS|TAMS 0x000000054e000000, 0x000000054e000000| Complete 
| 133|0x000000054e800000, 0x000000054f000000, 0x000000054f000000|100%| E|CS|TAMS 0x000000054e800000, 0x000000054e800000| Complete 
| 134|0x000000054f000000, 0x000000054f800000, 0x000000054f800000|100%| E|CS|TAMS 0x000000054f000000, 0x000000054f000000| Complete 
| 135|0x000000054f800000, 0x0000000550000000, 0x0000000550000000|100%| E|CS|TAMS 0x000000054f800000, 0x000000054f800000| Complete 
| 136|0x0000000550000000, 0x0000000550800000, 0x0000000550800000|100%| E|CS|TAMS 0x0000000550000000, 0x0000000550000000| Complete 
| 137|0x0000000550800000, 0x0000000551000000, 0x0000000551000000|100%| E|CS|TAMS 0x0000000550800000, 0x0000000550800000| Complete 
| 138|0x0000000551000000, 0x0000000551800000, 0x0000000551800000|100%| E|CS|TAMS 0x0000000551000000, 0x0000000551000000| Complete 
| 139|0x0000000551800000, 0x0000000552000000, 0x0000000552000000|100%| E|CS|TAMS 0x0000000551800000, 0x0000000551800000| Complete 
| 140|0x0000000552000000, 0x0000000552800000, 0x0000000552800000|100%| E|CS|TAMS 0x0000000552000000, 0x0000000552000000| Complete 
| 141|0x0000000552800000, 0x0000000553000000, 0x0000000553000000|100%| E|CS|TAMS 0x0000000552800000, 0x0000000552800000| Complete 
| 142|0x0000000553000000, 0x0000000553800000, 0x0000000553800000|100%| E|CS|TAMS 0x0000000553000000, 0x0000000553000000| Complete 
| 143|0x0000000553800000, 0x0000000554000000, 0x0000000554000000|100%| E|CS|TAMS 0x0000000553800000, 0x0000000553800000| Complete 
| 144|0x0000000554000000, 0x0000000554800000, 0x0000000554800000|100%| E|CS|TAMS 0x0000000554000000, 0x0000000554000000| Complete 
| 145|0x0000000554800000, 0x0000000555000000, 0x0000000555000000|100%| E|CS|TAMS 0x0000000554800000, 0x0000000554800000| Complete 
| 146|0x0000000555000000, 0x0000000555800000, 0x0000000555800000|100%| E|CS|TAMS 0x0000000555000000, 0x0000000555000000| Complete 
| 158|0x000000055b000000, 0x000000055b47fa30, 0x000000055b800000| 56%| S|CS|TAMS 0x000000055b000000, 0x000000055b000000| Complete 
| 159|0x000000055b800000, 0x000000055c000000, 0x000000055c000000|100%| S|CS|TAMS 0x000000055b800000, 0x000000055b800000| Complete 
| 160|0x000000055c000000, 0x000000055c800000, 0x000000055c800000|100%| S|CS|TAMS 0x000000055c000000, 0x000000055c000000| Complete 
| 161|0x000000055c800000, 0x000000055d000000, 0x000000055d000000|100%| S|CS|TAMS 0x000000055c800000, 0x000000055c800000| Complete 
| 162|0x000000055d000000, 0x000000055d800000, 0x000000055d800000|100%| S|CS|TAMS 0x000000055d000000, 0x000000055d000000| Complete 
| 163|0x000000055d800000, 0x000000055e000000, 0x000000055e000000|100%| S|CS|TAMS 0x000000055d800000, 0x000000055d800000| Complete 
| 164|0x000000055e000000, 0x000000055e800000, 0x000000055e800000|100%| S|CS|TAMS 0x000000055e000000, 0x000000055e000000| Complete 
| 165|0x000000055e800000, 0x000000055f000000, 0x000000055f000000|100%| S|CS|TAMS 0x000000055e800000, 0x000000055e800000| Complete 
| 187|0x0000000569800000, 0x000000056a000000, 0x000000056a000000|100%| E|CS|TAMS 0x0000000569800000, 0x0000000569800000| Complete 
| 188|0x000000056a000000, 0x000000056a800000, 0x000000056a800000|100%| E|CS|TAMS 0x000000056a000000, 0x000000056a000000| Complete 

Card table byte_map: [0x00000134e46e0000,0x00000134e5e80000] _byte_map_base: 0x00000134e1e80000

Marking Bits (Prev, Next): (CMBitMap*) 0x00000134d0512060, (CMBitMap*) 0x00000134d0512020
 Prev Bits: [0x00000134f3320000, 0x00000134ff020000)
 Next Bits: [0x00000134e7620000, 0x00000134f3320000)

Polling page: 0x00000134cfc20000

Metaspace:

Usage:
  Non-class:     74.39 MB used.
      Class:     11.73 MB used.
       Both:     86.11 MB used.

Virtual space:
  Non-class space:       80.00 MB reserved,      75.12 MB ( 94%) committed,  10 nodes.
      Class space:        1.00 GB reserved,      12.31 MB (  1%) committed,  1 nodes.
             Both:        1.08 GB reserved,      87.44 MB (  8%) committed. 

Chunk freelists:
   Non-Class:  3.98 MB
       Class:  3.51 MB
        Both:  7.49 MB

MaxMetaspaceSize: unlimited
CompressedClassSpaceSize: 1.00 GB
Initial GC threshold: 21.00 MB
Current GC threshold: 100.00 MB
CDS: off
MetaspaceReclaimPolicy: balanced
 - commit_granule_bytes: 65536.
 - commit_granule_words: 8192.
 - virtual_space_node_default_size: 1048576.
 - enlarge_chunks_in_place: 1.
 - new_chunks_are_fully_committed: 0.
 - uncommit_free_chunks: 1.
 - use_allocation_guard: 0.
 - handle_deallocations: 1.


Internal statistics:

num_allocs_failed_limit: 12.
num_arena_births: 2026.
num_arena_deaths: 0.
num_vsnodes_births: 11.
num_vsnodes_deaths: 0.
num_space_committed: 1396.
num_space_uncommitted: 0.
num_chunks_returned_to_freelist: 12.
num_chunks_taken_from_freelist: 5310.
num_chunk_merges: 9.
num_chunk_splits: 3389.
num_chunks_enlarged: 2144.
num_purges: 0.
num_inconsistent_stats: 0.

CodeHeap 'non-profiled nmethods': size=120000Kb used=7882Kb max_used=7882Kb free=112117Kb
 bounds [0x00000134db6d0000, 0x00000134dbe90000, 0x00000134e2c00000]
CodeHeap 'profiled nmethods': size=120000Kb used=17299Kb max_used=17299Kb free=102700Kb
 bounds [0x00000134d41a0000, 0x00000134d5290000, 0x00000134db6d0000]
CodeHeap 'non-nmethods': size=5760Kb used=2004Kb max_used=2060Kb free=3755Kb
 bounds [0x00000134d3c00000, 0x00000134d3e70000, 0x00000134d41a0000]
 total_blobs=11203 nmethods=9664 adapters=1451
 compilation: enabled
              stopped_count=0, restarted_count=0
 full_count=0

Compilation events (20 events):
Event: 13.382 Thread 0x00000134ffc6bb90 12308       3       org.lwjgl.system.MemoryUtil::encodeASCIIUnsafe (53 bytes)
Event: 13.383 Thread 0x00000134ffc6bb90 nmethod 12308 0x00000134d5285290 code [0x00000134d5285460, 0x00000134d5285878]
Event: 13.383 Thread 0x00000134ffc6bb90 12309       1       org.lwjgl.system.Pointer$Default::address (5 bytes)
Event: 13.383 Thread 0x00000134ffc6bb90 nmethod 12309 0x00000134dbe72f90 code [0x00000134dbe73120, 0x00000134dbe731f8]
Event: 13.384 Thread 0x00000134ffe98360 nmethod 12285 0x00000134dbe73290 code [0x00000134dbe73560, 0x00000134dbe75c40]
Event: 13.385 Thread 0x00000134ffe98360 12302       4       java.lang.String::hashCode (60 bytes)
Event: 13.387 Thread 0x00000134ffe98360 nmethod 12302 0x00000134dbe77390 code [0x00000134dbe77520, 0x00000134dbe77748]
Event: 13.387 Thread 0x00000134ffe98360 12286       4       java.util.Objects::checkFromIndexSize (8 bytes)
Event: 13.387 Thread 0x00000134ffc6bb90 12310       3       cpw.mods.niofs.union.UnionFileSystem::getPath (53 bytes)
Event: 13.387 Thread 0x00000134ffc6bb90 nmethod 12310 0x00000134d5285a10 code [0x00000134d5285c00, 0x00000134d52863e8]
Event: 13.387 Thread 0x00000134ffe98360 nmethod 12286 0x00000134dbe77890 code [0x00000134dbe77a00, 0x00000134dbe77ab8]
Event: 13.394 Thread 0x00000134ffc6bb90 12311       3       java.util.concurrent.locks.ReentrantLock$NonfairSync::initialTryLock (58 bytes)
Event: 13.394 Thread 0x00000134ffc6bb90 nmethod 12311 0x00000134d5286610 code [0x00000134d52867e0, 0x00000134d5286bf8]
Event: 13.464 Thread 0x00000134ffc69670 nmethod 12293 0x00000134dbe77e90 code [0x00000134dbe782e0, 0x00000134dbe7e848]
Event: 13.534 Thread 0x00000134ffc6bb90 12313       3       sun.misc.Unsafe::getInt (9 bytes)
Event: 13.534 Thread 0x00000134ffc6bb90 nmethod 12313 0x00000134d5286d10 code [0x00000134d5286ea0, 0x00000134d5286fb8]
Event: 13.534 Thread 0x00000134ffc6bb90 12314       3       org.lwjgl.system.CustomBuffer::address (19 bytes)
Event: 13.534 Thread 0x00000134ffc6bb90 nmethod 12314 0x00000134d5287090 code [0x00000134d5287240, 0x00000134d52874a8]
Event: 13.534 Thread 0x00000134ffc6bb90 12315       3       org.lwjgl.system.StructBuffer::sizeof (8 bytes)
Event: 13.534 Thread 0x00000134ffc6bb90 nmethod 12315 0x00000134d5287590 code [0x00000134d5287740, 0x00000134d5287998]

GC Heap History (20 events):
Event: 1.813 GC heap before
{Heap before GC invocations=4 (full 0):
 garbage-first heap   total 1286144K, used 134548K [0x000000050c000000, 0x0000000800000000)
  region size 8192K, 16 young (131072K), 2 survivors (16384K)
 Metaspace       used 21276K, committed 21504K, reserved 1073152K
  class space    used 2199K, committed 2304K, reserved 1048576K
}
Event: 1.816 GC heap after
{Heap after GC invocations=5 (full 0):
 garbage-first heap   total 1286144K, used 31802K [0x000000050c000000, 0x0000000800000000)
  region size 8192K, 2 young (16384K), 2 survivors (16384K)
 Metaspace       used 21276K, committed 21504K, reserved 1073152K
  class space    used 2199K, committed 2304K, reserved 1048576K
}
Event: 4.186 GC heap before
{Heap before GC invocations=6 (full 0):
 garbage-first heap   total 1286144K, used 654394K [0x000000050c000000, 0x0000000800000000)
  region size 8192K, 74 young (606208K), 2 survivors (16384K)
 Metaspace       used 32546K, committed 33088K, reserved 1081344K
  class space    used 3717K, committed 3968K, reserved 1048576K
}
Event: 4.210 GC heap after
{Heap after GC invocations=7 (full 0):
 garbage-first heap   total 1286144K, used 128660K [0x000000050c000000, 0x0000000800000000)
  region size 8192K, 10 young (81920K), 10 survivors (81920K)
 Metaspace       used 32546K, committed 33088K, reserved 1081344K
  class space    used 3717K, committed 3968K, reserved 1048576K
}
Event: 4.449 GC heap before
{Heap before GC invocations=7 (full 0):
 garbage-first heap   total 1286144K, used 210580K [0x000000050c000000, 0x0000000800000000)
  region size 8192K, 21 young (172032K), 10 survivors (81920K)
 Metaspace       used 35630K, committed 36288K, reserved 1089536K
  class space    used 4043K, committed 4352K, reserved 1048576K
}
Event: 4.469 GC heap after
{Heap after GC invocations=8 (full 0):
 garbage-first heap   total 1286144K, used 136292K [0x000000050c000000, 0x0000000800000000)
  region size 8192K, 1 young (8192K), 1 survivors (8192K)
 Metaspace       used 35630K, committed 36288K, reserved 1089536K
  class space    used 4043K, committed 4352K, reserved 1048576K
}
Event: 5.102 GC heap before
{Heap before GC invocations=9 (full 0):
 garbage-first heap   total 1286144K, used 570468K [0x000000050c000000, 0x0000000800000000)
  region size 8192K, 53 young (434176K), 1 survivors (8192K)
 Metaspace       used 36343K, committed 37248K, reserved 1089536K
  class space    used 4142K, committed 4544K, reserved 1048576K
}
Event: 5.106 GC heap after
{Heap after GC invocations=10 (full 0):
 garbage-first heap   total 1286144K, used 144798K [0x000000050c000000, 0x0000000800000000)
  region size 8192K, 2 young (16384K), 2 survivors (16384K)
 Metaspace       used 36343K, committed 37248K, reserved 1089536K
  class space    used 4142K, committed 4544K, reserved 1048576K
}
Event: 6.045 GC heap before
{Heap before GC invocations=10 (full 0):
 garbage-first heap   total 1286144K, used 898462K [0x000000050c000000, 0x0000000800000000)
  region size 8192K, 94 young (770048K), 2 survivors (16384K)
 Metaspace       used 36366K, committed 37248K, reserved 1089536K
  class space    used 4142K, committed 4544K, reserved 1048576K
}
Event: 6.050 GC heap after
{Heap after GC invocations=11 (full 0):
 garbage-first heap   total 1286144K, used 150200K [0x000000050c000000, 0x0000000800000000)
  region size 8192K, 2 young (16384K), 2 survivors (16384K)
 Metaspace       used 36366K, committed 37248K, reserved 1089536K
  class space    used 4142K, committed 4544K, reserved 1048576K
}
Event: 7.028 GC heap before
{Heap before GC invocations=11 (full 0):
 garbage-first heap   total 1286144K, used 903864K [0x000000050c000000, 0x0000000800000000)
  region size 8192K, 94 young (770048K), 2 survivors (16384K)
 Metaspace       used 39453K, committed 40384K, reserved 1089536K
  class space    used 4502K, committed 4928K, reserved 1048576K
}
Event: 7.040 GC heap after
{Heap after GC invocations=12 (full 0):
 garbage-first heap   total 1286144K, used 168761K [0x000000050c000000, 0x0000000800000000)
  region size 8192K, 4 young (32768K), 4 survivors (32768K)
 Metaspace       used 39453K, committed 40384K, reserved 1089536K
  class space    used 4502K, committed 4928K, reserved 1048576K
}
Event: 7.844 GC heap before
{Heap before GC invocations=12 (full 0):
 garbage-first heap   total 1286144K, used 922425K [0x000000050c000000, 0x0000000800000000)
  region size 8192K, 94 young (770048K), 4 survivors (32768K)
 Metaspace       used 43920K, committed 44992K, reserved 1089536K
  class space    used 5064K, committed 5568K, reserved 1048576K
}
Event: 7.863 GC heap after
{Heap after GC invocations=13 (full 0):
 garbage-first heap   total 1286144K, used 200872K [0x000000050c000000, 0x0000000800000000)
  region size 8192K, 6 young (49152K), 6 survivors (49152K)
 Metaspace       used 43920K, committed 44992K, reserved 1089536K
  class space    used 5064K, committed 5568K, reserved 1048576K
}
Event: 8.621 GC heap before
{Heap before GC invocations=13 (full 0):
 garbage-first heap   total 1286144K, used 921768K [0x000000050c000000, 0x0000000800000000)
  region size 8192K, 94 young (770048K), 6 survivors (49152K)
 Metaspace       used 45728K, committed 46848K, reserved 1097728K
  class space    used 5251K, committed 5760K, reserved 1048576K
}
Event: 8.639 GC heap after
{Heap after GC invocations=14 (full 0):
 garbage-first heap   total 1286144K, used 216003K [0x000000050c000000, 0x0000000800000000)
  region size 8192K, 8 young (65536K), 8 survivors (65536K)
 Metaspace       used 45728K, committed 46848K, reserved 1097728K
  class space    used 5251K, committed 5760K, reserved 1048576K
}
Event: 9.999 GC heap before
{Heap before GC invocations=14 (full 0):
 garbage-first heap   total 1286144K, used 920515K [0x000000050c000000, 0x0000000800000000)
  region size 8192K, 94 young (770048K), 8 survivors (65536K)
 Metaspace       used 57033K, committed 58176K, reserved 1105920K
  class space    used 6909K, committed 7424K, reserved 1048576K
}
Event: 10.022 GC heap after
{Heap after GC invocations=15 (full 0):
 garbage-first heap   total 1548288K, used 237426K [0x000000050c000000, 0x0000000800000000)
  region size 8192K, 9 young (73728K), 9 survivors (73728K)
 Metaspace       used 57033K, committed 58176K, reserved 1105920K
  class space    used 6909K, committed 7424K, reserved 1048576K
}
Event: 10.510 GC heap before
{Heap before GC invocations=15 (full 0):
 garbage-first heap   total 1548288K, used 417650K [0x000000050c000000, 0x0000000800000000)
  region size 8192K, 32 young (262144K), 9 survivors (73728K)
 Metaspace       used 59675K, committed 60800K, reserved 1105920K
  class space    used 7292K, committed 7808K, reserved 1048576K
}
Event: 10.535 GC heap after
{Heap after GC invocations=16 (full 0):
 garbage-first heap   total 1548288K, used 246639K [0x000000050c000000, 0x0000000800000000)
  region size 8192K, 8 young (65536K), 8 survivors (65536K)
 Metaspace       used 59675K, committed 60800K, reserved 1105920K
  class space    used 7292K, committed 7808K, reserved 1048576K
}

Deoptimization events (20 events):
Event: 13.268 Thread 0x00000134d0456da0 Uncommon trap: trap_request=0xffffff45 fr.pc=0x00000134dbe257b8 relative=0x0000000000000098
Event: 13.268 Thread 0x00000134d0456da0 Uncommon trap: reason=unstable_if action=reinterpret pc=0x00000134dbe257b8 method=com.google.gson.stream.JsonReader.peek()Lcom/google/gson/stream/JsonToken; @ 6 c2
Event: 13.268 Thread 0x00000134d0456da0 DEOPT PACKING pc=0x00000134dbe257b8 sp=0x0000002976cfdf70
Event: 13.268 Thread 0x00000134d0456da0 DEOPT UNPACKING pc=0x00000134d3c523a3 sp=0x0000002976cfdf08 mode 2
Event: 13.280 Thread 0x00000134d0456da0 Uncommon trap: trap_request=0xffffff45 fr.pc=0x00000134dbe20efc relative=0x000000000000111c
Event: 13.280 Thread 0x00000134d0456da0 Uncommon trap: reason=unstable_if action=reinterpret pc=0x00000134dbe20efc method=com.google.gson.internal.LinkedTreeMap.find(Ljava/lang/Object;Z)Lcom/google/gson/internal/LinkedTreeMap$Node; @ 80 c2
Event: 13.280 Thread 0x00000134d0456da0 DEOPT PACKING pc=0x00000134dbe20efc sp=0x0000002976cfbce0
Event: 13.280 Thread 0x00000134d0456da0 DEOPT UNPACKING pc=0x00000134d3c523a3 sp=0x0000002976cfbc80 mode 2
Event: 13.357 Thread 0x00000134d0456da0 Uncommon trap: trap_request=0xffffff45 fr.pc=0x00000134db929890 relative=0x00000000000000f0
Event: 13.357 Thread 0x00000134d0456da0 Uncommon trap: reason=unstable_if action=reinterpret pc=0x00000134db929890 method=java.util.EnumMap.isValidKey(Ljava/lang/Object;)Z @ 16 c2
Event: 13.357 Thread 0x00000134d0456da0 DEOPT PACKING pc=0x00000134db929890 sp=0x0000002976cfe360
Event: 13.357 Thread 0x00000134d0456da0 DEOPT UNPACKING pc=0x00000134d3c523a3 sp=0x0000002976cfe298 mode 2
Event: 13.357 Thread 0x00000134d0456da0 Uncommon trap: trap_request=0xffffff45 fr.pc=0x00000134db7cf080 relative=0x0000000000000080
Event: 13.357 Thread 0x00000134d0456da0 Uncommon trap: reason=unstable_if action=reinterpret pc=0x00000134db7cf080 method=java.util.EnumMap.isValidKey(Ljava/lang/Object;)Z @ 16 c2
Event: 13.357 Thread 0x00000134d0456da0 DEOPT PACKING pc=0x00000134db7cf080 sp=0x0000002976cfe300
Event: 13.357 Thread 0x00000134d0456da0 DEOPT UNPACKING pc=0x00000134d3c523a3 sp=0x0000002976cfe290 mode 2
Event: 13.385 Thread 0x00000134d0456da0 Uncommon trap: trap_request=0xffffff45 fr.pc=0x00000134db986c24 relative=0x0000000000000ea4
Event: 13.385 Thread 0x00000134d0456da0 Uncommon trap: reason=unstable_if action=reinterpret pc=0x00000134db986c24 method=cpw.mods.niofs.union.UnionFileSystem.getPath(Ljava/lang/String;[Ljava/lang/String;)Ljava/nio/file/Path; @ 2 c2
Event: 13.385 Thread 0x00000134d0456da0 DEOPT PACKING pc=0x00000134db986c24 sp=0x0000002976cfb160
Event: 13.385 Thread 0x00000134d0456da0 DEOPT UNPACKING pc=0x00000134d3c523a3 sp=0x0000002976cfb150 mode 2

Classes unloaded (0 events):
No events

Classes redefined (0 events):
No events

Internal exceptions (20 events):
Event: 12.684 Thread 0x00000134d0456da0 Exception <a 'java/lang/NoSuchMethodError'{0x0000000537f0dde8}: 'java.lang.Object java.lang.invoke.Invokers$Holder.linkToTargetMethod(java.lang.Object, long, java.lang.Object)'> (0x0000000537f0dde8) 
thrown [d:\a\_work\1\jdk\src\hotspot\share\interpreter\linkResolver.cpp, line 766]
Event: 12.684 Thread 0x00000134d0456da0 Exception <a 'java/lang/NoSuchMethodError'{0x0000000537f15420}: 'int java.lang.invoke.DirectMethodHandle$Holder.invokeStaticInit(java.lang.Object, java.lang.Object, java.lang.Object, long)'> (0x0000000537f15420) 
thrown [d:\a\_work\1\jdk\src\hotspot\share\interpreter\linkResolver.cpp, line 766]
Event: 12.688 Thread 0x00000134d0456da0 Exception <a 'sun/nio/fs/WindowsException'{0x00000005370499a8}> (0x00000005370499a8) 
thrown [d:\a\_work\1\jdk\src\hotspot\share\prims\jni.cpp, line 516]
Event: 12.688 Thread 0x00000134d0456da0 Exception <a 'sun/nio/fs/WindowsException'{0x0000000537049d38}> (0x0000000537049d38) 
thrown [d:\a\_work\1\jdk\src\hotspot\share\prims\jni.cpp, line 516]
Event: 12.698 Thread 0x00000134d0456da0 Exception <a 'java/lang/NoSuchMethodError'{0x0000000537169648}: 'void java.lang.invoke.DirectMethodHandle$Holder.invokeInterface(java.lang.Object, java.lang.Object, int)'> (0x0000000537169648) 
thrown [d:\a\_work\1\jdk\src\hotspot\share\interpreter\linkResolver.cpp, line 766]
Event: 12.699 Thread 0x00000134d0456da0 Exception <a 'java/lang/NoSuchMethodError'{0x0000000537182538}: 'void java.lang.invoke.DirectMethodHandle$Holder.invokeStaticInit(java.lang.Object, java.lang.Object, int)'> (0x0000000537182538) 
thrown [d:\a\_work\1\jdk\src\hotspot\share\interpreter\linkResolver.cpp, line 766]
Event: 12.706 Thread 0x00000134d0456da0 Exception <a 'java/lang/NoSuchMethodError'{0x00000005373351b0}: 'long java.lang.invoke.DirectMethodHandle$Holder.invokeSpecial(java.lang.Object, java.lang.Object)'> (0x00000005373351b0) 
thrown [d:\a\_work\1\jdk\src\hotspot\share\interpreter\linkResolver.cpp, line 766]
Event: 12.782 Thread 0x00000134d0456da0 Exception <a 'sun/nio/fs/WindowsException'{0x0000000536fd51b8}> (0x0000000536fd51b8) 
thrown [d:\a\_work\1\jdk\src\hotspot\share\prims\jni.cpp, line 516]
Event: 13.329 Thread 0x00000134d0456da0 Exception <a 'java/lang/NoSuchMethodError'{0x0000000535412150}: 'int java.lang.invoke.DirectMethodHandle$Holder.invokeStatic(java.lang.Object)'> (0x0000000535412150) 
thrown [d:\a\_work\1\jdk\src\hotspot\share\interpreter\linkResolver.cpp, line 766]
Event: 13.355 Thread 0x00000134d0456da0 Exception <a 'java/lang/NoSuchMethodError'{0x00000005357b6518}: 'java.lang.Object java.lang.invoke.Invokers$Holder.linkToTargetMethod(java.lang.Object, int, java.lang.Object, java.lang.Object)'> (0x00000005357b6518) 
thrown [d:\a\_work\1\jdk\src\hotspot\share\interpreter\linkResolver.cpp, line 766]
Event: 13.361 Thread 0x00000134d0456da0 Exception <a 'java/lang/NoSuchMethodError'{0x0000000534861280}: 'int java.lang.invoke.DirectMethodHandle$Holder.invokeStaticInit(java.lang.Object)'> (0x0000000534861280) 
thrown [d:\a\_work\1\jdk\src\hotspot\share\interpreter\linkResolver.cpp, line 766]
Event: 13.361 Thread 0x00000134d0456da0 Exception <a 'java/lang/NoSuchMethodError'{0x0000000534868038}: 'int java.lang.invoke.Invokers$Holder.invokeExact_MT(java.lang.Object, java.lang.Object)'> (0x0000000534868038) 
thrown [d:\a\_work\1\jdk\src\hotspot\share\interpreter\linkResolver.cpp, line 766]
Event: 13.364 Thread 0x00000134d0456da0 Exception <a 'sun/nio/fs/WindowsException'{0x00000005349731f0}> (0x00000005349731f0) 
thrown [d:\a\_work\1\jdk\src\hotspot\share\prims\jni.cpp, line 516]
Event: 13.364 Thread 0x00000134d0456da0 Exception <a 'sun/nio/fs/WindowsException'{0x0000000534973550}> (0x0000000534973550) 
thrown [d:\a\_work\1\jdk\src\hotspot\share\prims\jni.cpp, line 516]
Event: 13.369 Thread 0x00000134d0456da0 Exception <a 'java/lang/NoSuchMethodError'{0x00000005349f2460}: 'java.lang.Object java.lang.invoke.DirectMethodHandle$Holder.invokeInterface(java.lang.Object, java.lang.Object, double)'> (0x00000005349f2460) 
thrown [d:\a\_work\1\jdk\src\hotspot\share\interpreter\linkResolver.cpp, line 766]
Event: 13.369 Thread 0x00000134d0456da0 Exception <a 'java/lang/NoSuchMethodError'{0x00000005349f8c88}: 'double java.lang.invoke.DirectMethodHandle$Holder.invokeInterface(java.lang.Object, java.lang.Object, java.lang.Object)'> (0x00000005349f8c88) 
thrown [d:\a\_work\1\jdk\src\hotspot\share\interpreter\linkResolver.cpp, line 766]
Event: 13.395 Thread 0x00000134d0456da0 Exception <a 'java/lang/NoSuchMethodError'{0x0000000534c8d390}: 'long java.lang.invoke.DirectMethodHandle$Holder.invokeInterface(java.lang.Object, java.lang.Object)'> (0x0000000534c8d390) 
thrown [d:\a\_work\1\jdk\src\hotspot\share\interpreter\linkResolver.cpp, line 766]
Event: 13.397 Thread 0x00000134d0456da0 Exception <a 'java/lang/NoSuchMethodError'{0x0000000534ce0de0}: 'java.lang.Object java.lang.invoke.DirectMethodHandle$Holder.newInvokeSpecial(java.lang.Object, long)'> (0x0000000534ce0de0) 
thrown [d:\a\_work\1\jdk\src\hotspot\share\interpreter\linkResolver.cpp, line 766]
Event: 13.536 Thread 0x00000134d0456da0 Exception <a 'java/lang/NoSuchMethodError'{0x0000000534d892f8}: 'void java.lang.invoke.DirectMethodHandle$Holder.invokeSpecial(java.lang.Object, java.lang.Object, int, long)'> (0x0000000534d892f8) 
thrown [d:\a\_work\1\jdk\src\hotspot\share\interpreter\linkResolver.cpp, line 766]
Event: 13.536 Thread 0x00000134d0456da0 Exception <a 'java/lang/NoSuchMethodError'{0x0000000534d8f260}: 'void java.lang.invoke.DirectMethodHandle$Holder.invokeStatic(java.lang.Object, int, long)'> (0x0000000534d8f260) 
thrown [d:\a\_work\1\jdk\src\hotspot\share\interpreter\linkResolver.cpp, line 766]

VM Operations (20 events):
Event: 12.196 Executing VM operation: HandshakeAllThreads
Event: 12.196 Executing VM operation: HandshakeAllThreads done
Event: 12.577 Executing VM operation: ICBufferFull
Event: 12.577 Executing VM operation: ICBufferFull done
Event: 12.833 Executing VM operation: HandshakeAllThreads
Event: 12.833 Executing VM operation: HandshakeAllThreads done
Event: 12.836 Executing VM operation: HandshakeAllThreads
Event: 12.836 Executing VM operation: HandshakeAllThreads done
Event: 12.856 Executing VM operation: HandshakeAllThreads
Event: 12.856 Executing VM operation: HandshakeAllThreads done
Event: 13.022 Executing VM operation: HandshakeAllThreads
Event: 13.022 Executing VM operation: HandshakeAllThreads done
Event: 13.253 Executing VM operation: HandshakeAllThreads
Event: 13.253 Executing VM operation: HandshakeAllThreads done
Event: 13.255 Executing VM operation: HandshakeAllThreads
Event: 13.255 Executing VM operation: HandshakeAllThreads done
Event: 13.261 Executing VM operation: HandshakeAllThreads
Event: 13.261 Executing VM operation: HandshakeAllThreads done
Event: 13.271 Executing VM operation: ICBufferFull
Event: 13.272 Executing VM operation: ICBufferFull done

Events (20 events):
Event: 13.254 loading class sun/net/www/http/KeepAliveStreamCleaner done
Event: 13.255 loading class sun/net/www/http/KeepAliveStreamCleaner$1
Event: 13.256 loading class sun/net/www/http/KeepAliveStreamCleaner$1 done
Event: 13.256 loading class sun/net/www/http/KeepAliveStreamCleaner$2
Event: 13.256 loading class sun/net/www/http/KeepAliveStreamCleaner$2 done
Event: 13.256 loading class sun/net/www/protocol/http/HttpURLConnection$HttpInputStream
Event: 13.257 loading class sun/net/www/protocol/http/HttpURLConnection$HttpInputStream done
Event: 13.258 loading class java/util/Collections$UnmodifiableSortedMap
Event: 13.259 loading class java/util/Collections$UnmodifiableSortedMap done
Event: 13.259 loading class sun/net/www/http/KeepAliveCache$1
Event: 13.259 loading class sun/net/www/http/KeepAliveCache$1 done
Event: 13.259 Thread 0x000001348777e030 Thread added: 0x000001348777e030
Event: 13.260 loading class sun/net/www/http/ClientVector
Event: 13.260 loading class sun/net/www/http/ClientVector done
Event: 13.262 loading class sun/net/www/http/KeepAliveEntry
Event: 13.262 loading class sun/net/www/http/KeepAliveEntry done
Event: 13.265 Thread 0x00000134840ea750 Thread exited: 0x00000134840ea750
Event: 13.367 loading class java/util/function/DoubleFunction
Event: 13.367 loading class java/util/function/DoubleFunction done
Event: 13.534 Thread 0x00000134ffe98360 Thread exited: 0x00000134ffe98360


Dynamic libraries:
0x00007ff6809e0000 - 0x00007ff6809ee000 	C:\Users\bccle\curseforge\minecraft\Install\runtime\java-runtime-gamma\windows-x64\java-runtime-gamma\bin\javaw.exe
0x00007fff00810000 - 0x00007fff00a08000 	C:\Windows\SYSTEM32\ntdll.dll
0x00007ffeff1d0000 - 0x00007ffeff28f000 	C:\Windows\System32\KERNEL32.DLL
0x00007ffefe280000 - 0x00007ffefe576000 	C:\Windows\System32\KERNELBASE.dll
0x00007ffefe030000 - 0x00007ffefe130000 	C:\Windows\System32\ucrtbase.dll
0x00007ffef9a70000 - 0x00007ffef9a88000 	C:\Users\bccle\curseforge\minecraft\Install\runtime\java-runtime-gamma\windows-x64\java-runtime-gamma\bin\jli.dll
0x00007ffee3510000 - 0x00007ffee352b000 	C:\Users\bccle\curseforge\minecraft\Install\runtime\java-runtime-gamma\windows-x64\java-runtime-gamma\bin\VCRUNTIME140.dll
0x00007ffefe9c0000 - 0x00007ffefeb5d000 	C:\Windows\System32\USER32.dll
0x00007ffedd6d0000 - 0x00007ffedd96a000 	C:\Windows\WinSxS\amd64_microsoft.windows.common-controls_6595b64144ccf1df_6.0.19041.1110_none_60b5254171f9507e\COMCTL32.dll
0x00007ffefe250000 - 0x00007ffefe272000 	C:\Windows\System32\win32u.dll
0x00007ffeff290000 - 0x00007ffeff32e000 	C:\Windows\System32\msvcrt.dll
0x00007fff005d0000 - 0x00007fff005fc000 	C:\Windows\System32\GDI32.dll
0x00007ffefe130000 - 0x00007ffefe245000 	C:\Windows\System32\gdi32full.dll
0x00007ffefe600000 - 0x00007ffefe69d000 	C:\Windows\System32\msvcp_win.dll
0x00007fff007a0000 - 0x00007fff007d0000 	C:\Windows\System32\IMM32.DLL
0x00007ffef9bb0000 - 0x00007ffef9bbc000 	C:\Users\bccle\curseforge\minecraft\Install\runtime\java-runtime-gamma\windows-x64\java-runtime-gamma\bin\vcruntime140_1.dll
0x00007ffebf580000 - 0x00007ffebf60d000 	C:\Users\bccle\curseforge\minecraft\Install\runtime\java-runtime-gamma\windows-x64\java-runtime-gamma\bin\msvcp140.dll
0x00007ffe99560000 - 0x00007ffe9a1bd000 	C:\Users\bccle\curseforge\minecraft\Install\runtime\java-runtime-gamma\windows-x64\java-runtime-gamma\bin\server\jvm.dll
0x00007fff00290000 - 0x00007fff0033f000 	C:\Windows\System32\ADVAPI32.dll
0x00007ffefe920000 - 0x00007ffefe9bc000 	C:\Windows\System32\sechost.dll
0x00007fff00600000 - 0x00007fff00726000 	C:\Windows\System32\RPCRT4.dll
0x00007ffeffbb0000 - 0x00007ffeffbb8000 	C:\Windows\System32\PSAPI.DLL
0x00007ffef9410000 - 0x00007ffef9419000 	C:\Windows\SYSTEM32\WSOCK32.dll
0x00007ffef5630000 - 0x00007ffef5657000 	C:\Windows\SYSTEM32\WINMM.dll
0x00007ffef84b0000 - 0x00007ffef84ba000 	C:\Windows\SYSTEM32\VERSION.dll
0x00007fff00730000 - 0x00007fff0079b000 	C:\Windows\System32\WS2_32.dll
0x00007ffefbdb0000 - 0x00007ffefbdc2000 	C:\Windows\SYSTEM32\kernel.appcore.dll
0x00007ffef8390000 - 0x00007ffef839a000 	C:\Users\bccle\curseforge\minecraft\Install\runtime\java-runtime-gamma\windows-x64\java-runtime-gamma\bin\jimage.dll
0x00007ffef7e20000 - 0x00007ffef8004000 	C:\Windows\SYSTEM32\DBGHELP.DLL
0x00007ffeeb560000 - 0x00007ffeeb594000 	C:\Windows\SYSTEM32\dbgcore.DLL
0x00007ffefdfa0000 - 0x00007ffefe022000 	C:\Windows\System32\bcryptPrimitives.dll
0x00007ffee32d0000 - 0x00007ffee32f5000 	C:\Users\bccle\curseforge\minecraft\Install\runtime\java-runtime-gamma\windows-x64\java-runtime-gamma\bin\java.dll
0x00007ffee32b0000 - 0x00007ffee32c8000 	C:\Users\bccle\curseforge\minecraft\Install\runtime\java-runtime-gamma\windows-x64\java-runtime-gamma\bin\zip.dll
0x00007ffebad90000 - 0x00007ffebae67000 	C:\Users\bccle\curseforge\minecraft\Install\runtime\java-runtime-gamma\windows-x64\java-runtime-gamma\bin\jsvml.dll
0x00007ffeff330000 - 0x00007ffeffa74000 	C:\Windows\System32\SHELL32.dll
0x00007ffefbfb0000 - 0x00007ffefc743000 	C:\Windows\SYSTEM32\windows.storage.dll
0x00007ffefed90000 - 0x00007ffeff0e4000 	C:\Windows\System32\combase.dll
0x00007ffefd930000 - 0x00007ffefd95e000 	C:\Windows\SYSTEM32\Wldp.dll
0x00007fff00430000 - 0x00007fff004dd000 	C:\Windows\System32\SHCORE.dll
0x00007ffeffbc0000 - 0x00007ffeffc15000 	C:\Windows\System32\shlwapi.dll
0x00007ffefde20000 - 0x00007ffefde45000 	C:\Windows\SYSTEM32\profapi.dll
0x00007ffee31c0000 - 0x00007ffee31d9000 	C:\Users\bccle\curseforge\minecraft\Install\runtime\java-runtime-gamma\windows-x64\java-runtime-gamma\bin\net.dll
0x00007ffef8140000 - 0x00007ffef824a000 	C:\Windows\SYSTEM32\WINHTTP.dll
0x00007ffefd690000 - 0x00007ffefd6fa000 	C:\Windows\system32\mswsock.dll
0x00007ffee31a0000 - 0x00007ffee31b6000 	C:\Users\bccle\curseforge\minecraft\Install\runtime\java-runtime-gamma\windows-x64\java-runtime-gamma\bin\nio.dll
0x00007ffef5500000 - 0x00007ffef5510000 	C:\Users\bccle\curseforge\minecraft\Install\runtime\java-runtime-gamma\windows-x64\java-runtime-gamma\bin\verify.dll
0x00007ffee34b0000 - 0x00007ffee34b9000 	C:\Users\bccle\curseforge\minecraft\Install\runtime\java-runtime-gamma\windows-x64\java-runtime-gamma\bin\management.dll
0x00007ffee3190000 - 0x00007ffee319b000 	C:\Users\bccle\curseforge\minecraft\Install\runtime\java-runtime-gamma\windows-x64\java-runtime-gamma\bin\management_ext.dll
0x00007ffebc9c0000 - 0x00007ffebc9d7000 	C:\Windows\system32\napinsp.dll
0x00007ffebc9a0000 - 0x00007ffebc9bb000 	C:\Windows\system32\pnrpnsp.dll
0x00007ffedd970000 - 0x00007ffedd985000 	C:\Windows\system32\wshbth.dll
0x00007ffef9a50000 - 0x00007ffef9a6d000 	C:\Windows\system32\NLAapi.dll
0x00007ffefd330000 - 0x00007ffefd36b000 	C:\Windows\SYSTEM32\IPHLPAPI.DLL
0x00007ffefd380000 - 0x00007ffefd44a000 	C:\Windows\SYSTEM32\DNSAPI.dll
0x00007ffeffc90000 - 0x00007ffeffc98000 	C:\Windows\System32\NSI.dll
0x00007ffebc980000 - 0x00007ffebc992000 	C:\Windows\System32\winrnr.dll
0x00007ffeedfe0000 - 0x00007ffeedfea000 	C:\Windows\System32\rasadhlp.dll
0x00007ffeee160000 - 0x00007ffeee1e2000 	C:\Windows\System32\fwpuclnt.dll
0x00007ffefe580000 - 0x00007ffefe5a7000 	C:\Windows\System32\bcrypt.dll
0x00007ffefd890000 - 0x00007ffefd8a8000 	C:\Windows\SYSTEM32\CRYPTSP.dll
0x00007ffefcf30000 - 0x00007ffefcf64000 	C:\Windows\system32\rsaenh.dll
0x00007ffefdde0000 - 0x00007ffefde0e000 	C:\Windows\SYSTEM32\USERENV.dll
0x00007ffefd880000 - 0x00007ffefd88c000 	C:\Windows\SYSTEM32\CRYPTBASE.dll
0x00007ffef70b0000 - 0x00007ffef70c7000 	C:\Windows\SYSTEM32\dhcpcsvc6.DLL
0x00007ffef7da0000 - 0x00007ffef7dbd000 	C:\Windows\SYSTEM32\dhcpcsvc.DLL
0x00007ffee2f50000 - 0x00007ffee2f95000 	C:\Users\bccle\AppData\Local\Temp\jna-93552955\jna1500580111693189648.dll
0x00007ffeffa80000 - 0x00007ffeffbaa000 	C:\Windows\System32\Ole32.dll
0x00007ffefe870000 - 0x00007ffefe919000 	C:\Windows\System32\clbcatq.dll
0x00007fff00500000 - 0x00007fff005cd000 	C:\Windows\System32\OleAut32.dll
0x00007ffee12a0000 - 0x00007ffee12bf000 	C:\Windows\SYSTEM32\amsi.dll
0x00007ffee1220000 - 0x00007ffee129c000 	C:\ProgramData\Microsoft\Windows Defender\Platform\4.18.23070.1004-0\MpOav.dll
0x00007ffeda7d0000 - 0x00007ffeda819000 	C:\Windows\SYSTEM32\Pdh.dll
0x00007ffeddba0000 - 0x00007ffeddbaf000 	C:\Windows\System32\perfos.dll
0x00007ffee2bb0000 - 0x00007ffee2c25000 	C:\Users\bccle\AppData\Local\Temp\lwjglbccle\3.3.1-build-7\lwjgl.dll
0x00007ffeb5f80000 - 0x00007ffeb61d9000 	C:\Users\bccle\AppData\Local\Temp\lwjglbccle\3.3.1-build-7\jemalloc.dll
0x00007ffee3180000 - 0x00007ffee318d000 	C:\Users\bccle\curseforge\minecraft\Install\runtime\java-runtime-gamma\windows-x64\java-runtime-gamma\bin\sunmscapi.dll
0x00007ffefe710000 - 0x00007ffefe86e000 	C:\Windows\System32\CRYPT32.dll
0x00007ffefd9a0000 - 0x00007ffefd9c8000 	C:\Windows\SYSTEM32\ncrypt.dll
0x00007ffefd960000 - 0x00007ffefd99b000 	C:\Windows\SYSTEM32\NTASN1.dll
0x00007ffed98c0000 - 0x00007ffed9921000 	C:\Users\bccle\AppData\Local\Temp\lwjglbccle\3.3.1-build-7\glfw.dll
0x00007ffee1ca0000 - 0x00007ffee1ce5000 	C:\Windows\SYSTEM32\dinput8.dll
0x00007ffee27f0000 - 0x00007ffee2801000 	C:\Windows\SYSTEM32\xinput1_4.dll
0x00007ffefe5b0000 - 0x00007ffefe5fe000 	C:\Windows\System32\cfgmgr32.dll
0x00007ffefdc80000 - 0x00007ffefdcb3000 	C:\Windows\SYSTEM32\DEVOBJ.dll
0x00007ffef2d60000 - 0x00007ffef2eb2000 	C:\Windows\SYSTEM32\inputhost.dll
0x00007ffefb3d0000 - 0x00007ffefb4c2000 	C:\Windows\SYSTEM32\CoreMessaging.dll
0x00007ffef9bc0000 - 0x00007ffef9d14000 	C:\Windows\SYSTEM32\wintypes.dll
0x00007ffef97f0000 - 0x00007ffef98e6000 	C:\Windows\SYSTEM32\PROPSYS.dll
0x00007ffefb070000 - 0x00007ffefb3ce000 	C:\Windows\SYSTEM32\CoreUIComponents.dll
0x00007ffefd050000 - 0x00007ffefd083000 	C:\Windows\SYSTEM32\ntmarta.dll
0x00007ffefbac0000 - 0x00007ffefbaef000 	C:\Windows\SYSTEM32\dwmapi.dll
0x00007ffefb7f0000 - 0x00007ffefb88e000 	C:\Windows\system32\uxtheme.dll
0x00007fff00110000 - 0x00007fff00224000 	C:\Windows\System32\MSCTF.dll
0x00007ffeaa220000 - 0x00007ffeaa345000 	C:\Windows\SYSTEM32\opengl32.dll
0x00007ffea97d0000 - 0x00007ffea97fc000 	C:\Windows\SYSTEM32\GLU32.dll
0x00007ffef5530000 - 0x00007ffef555d000 	C:\Windows\System32\DriverStore\FileRepository\u0390451.inf_amd64_39377efdd62734d1\B390182\atig6pxx.dll
0x00007ffe8a850000 - 0x00007ffe8e485000 	C:\Windows\System32\DriverStore\FileRepository\u0390451.inf_amd64_39377efdd62734d1\B390182\atio6axx.dll
0x00007ffeffca0000 - 0x00007fff0010e000 	C:\Windows\System32\SETUPAPI.dll
0x00007ffefe6a0000 - 0x00007ffefe707000 	C:\Windows\System32\WINTRUST.dll
0x00007ffefdac0000 - 0x00007ffefdad2000 	C:\Windows\SYSTEM32\MSASN1.dll

dbghelp: loaded successfully - version: 4.0.5 - missing functions: none
symbol engine: initialized successfully - sym options: 0x614 - pdb path: .;C:\Users\bccle\curseforge\minecraft\Install\runtime\java-runtime-gamma\windows-x64\java-runtime-gamma\bin;C:\Windows\SYSTEM32;C:\Windows\WinSxS\amd64_microsoft.windows.common-controls_6595b64144ccf1df_6.0.19041.1110_none_60b5254171f9507e;C:\Users\bccle\curseforge\minecraft\Install\runtime\java-runtime-gamma\windows-x64\java-runtime-gamma\bin\server;C:\Users\bccle\AppData\Local\Temp\jna-93552955;C:\ProgramData\Microsoft\Windows Defender\Platform\4.18.23070.1004-0;C:\Users\bccle\AppData\Local\Temp\lwjglbccle\3.3.1-build-7;C:\Windows\System32\DriverStore\FileRepository\u0390451.inf_amd64_39377efdd62734d1\B390182

VM Arguments:
jvm_args: -XX:HeapDumpPath=MojangTricksIntelDriversForPerformance_javaw.exe_minecraft.exe.heapdump -Dos.name=Windows 10 -Dos.version=10.0 -Xss1M -Djava.library.path=C:\Users\bccle\curseforge\minecraft\Install\bin\2465cb2a68998872f1b57e9097d8dae3b7d027d2 -Dminecraft.launcher.brand=minecraft-launcher -Dminecraft.launcher.version=2.6.16 -Djava.net.preferIPv6Addresses=system -DignoreList=bootstraplauncher,securejarhandler,asm-commons,asm-util,asm-analysis,asm-tree,asm,JarJarFileSystems,client-extra,fmlcore,javafmllanguage,lowcodelanguage,mclanguage,forge-,forge-43.2.13.jar,forge-43.2.13 -DmergeModules=jna-5.10.0.jar,jna-platform-5.10.0.jar -DlibraryDirectory=C:\Users\bccle\curseforge\minecraft\Install\libraries --module-path=C:\Users\bccle\curseforge\minecraft\Install\libraries/cpw/mods/bootstraplauncher/1.1.2/bootstraplauncher-1.1.2.jar;C:\Users\bccle\curseforge\minecraft\Install\libraries/cpw/mods/securejarhandler/2.1.4/securejarhandler-2.1.4.jar;C:\Users\bccle\curseforge\minecraft\Install\libraries/org/ow2/asm/asm-commons/9.3/asm-commons-9.3.jar;C:\Users\bccle\curseforge\minecraft\Install\libraries/org/ow2/asm/asm-util/9.3/asm-util-9.3.jar;C:\Users\bccle\curseforge\minecraft\Install\libraries/org/ow2/asm/asm-analysis/9.3/asm-analysis-9.3.jar;C:\Users\bccle\curseforge\minecraft\Install\libraries/org/ow2/asm/asm-tree/9.3/asm-tree-9.3.jar;C:\Users\bccle\curseforge\minecraft\Install\libraries/org/ow2/asm/asm/9.3/asm-9.3.jar;C:\Users\bccle\curseforge\minecraft\Install\libraries/net/minecraftforge/JarJarFileSystems/0.3.16/JarJarFileSystems-0.3.16.jar --add-modules=ALL-MODULE-PATH --add-opens=java.base/java.util.jar=cpw.mods.securejarhandler --add-opens=java.base/java.lang.invoke=cpw.mods.securejarhandler --add-exports=java.base/sun.security.util=cpw.mods.securejarhandler --add-exports=jdk.naming.dns/com.sun.jndi.dns=java.naming -Xmx12096m -Xms1256m -Dminecraft.applet.TargetDirectory=C:\Users\bccle\curseforge\minecraft\Instances\MineColonies Official -Dfml.ignorePatchDiscrepancies=true -Dfml.ignoreInvalidMinecraftCertificates=true -Duser.language=en -Duser.country=US -Dlog4j.configurationFile=C:\Users\bccle\curseforge\minecraft\Install\assets\log_configs\client-1.12.xml 
java_command: cpw.mods.bootstraplauncher.BootstrapLauncher --username madcollock --version forge-43.2.13 --gameDir C:\Users\bccle\curseforge\minecraft\Instances\MineColonies Official --assetsDir C:\Users\bccle\curseforge\minecraft\Install\assets --assetIndex 1.19 --uuid c0caae06426c4b21914d7a650a8a71af -WUEbfI8l5S_H0 --clientId MDA5NTM2MmUtOTc1Ny00ZDBmLWFlMmYtMmFmOTk0ZDBkYTVk --xuid 2535444550111494 --userType msa --versionType release --width 1024 --height 768 --launchTarget forgeclient --fml.forgeVersion 43.2.13 --fml.mcVersion 1.19.2 --fml.forgeGroup net.minecraftforge --fml.mcpVersion 20220805.130853
java_class_path (initial): C:\Users\bccle\curseforge\minecraft\Install\libraries\cpw\mods\securejarhandler\2.1.4\securejarhandler-2.1.4.jar;C:\Users\bccle\curseforge\minecraft\Install\libraries\org\ow2\asm\asm\9.3\asm-9.3.jar;C:\Users\bccle\curseforge\minecraft\Install\libraries\org\ow2\asm\asm-commons\9.3\asm-commons-9.3.jar;C:\Users\bccle\curseforge\minecraft\Install\libraries\org\ow2\asm\asm-tree\9.3\asm-tree-9.3.jar;C:\Users\bccle\curseforge\minecraft\Install\libraries\org\ow2\asm\asm-util\9.3\asm-util-9.3.jar;C:\Users\bccle\curseforge\minecraft\Install\libraries\org\ow2\asm\asm-analysis\9.3\asm-analysis-9.3.jar;C:\Users\bccle\curseforge\minecraft\Install\libraries\net\minecraftforge\accesstransformers\8.0.4\accesstransformers-8.0.4.jar;C:\Users\bccle\curseforge\minecraft\Install\libraries\org\antlr\antlr4-runtime\4.9.1\antlr4-runtime-4.9.1.jar;C:\Users\bccle\curseforge\minecraft\Install\libraries\net\minecraftforge\eventbus\6.0.3\eventbus-6.0.3.jar;C:\Users\bccle\curseforge\minecraft\Install\libraries\net\minecraftforge\forgespi\6.0.0\forgespi-6.0.0.jar;C:\Users\bccle\curseforge\minecraft\Install\libraries\net\minecraftforge\coremods\5.0.1\coremods-5.0.1.jar;C:\Users\bccle\curseforge\minecraft\Install\libraries\cpw\mods\modlauncher\10.0.8\modlauncher-10.0.8.jar;C:\Users\bccle\curseforge\minecraft\Install\libraries\net\minecraftforge\unsafe\0.2.0\unsafe-0.2.0.jar;C:\Users\bccle\curseforge\minecraft\Install\libraries\com\electronwill\night-config\core\3.6.4\core-3.6.4.jar;C:\Users\bccle\curseforge\minecraft\Install\libraries\com\electronwill\night-config\toml\3.6.4\toml-3.6.4.jar;C:\Users\bccle\curseforge\minecraft\Install\libraries\org\apache\maven\maven-artifact\3.8.5\maven-artifact-3.8.5.jar;C:\Users\bccle\curseforge\minecraft\Install\libraries\net\jodah\typetools\0.8.3\typetools-0.8.3.jar;C:\Users\bccle\curseforge\minecraft\Install\libraries\net\minecrell\terminalconsoleappender\1.2.0\terminalconsoleappender-1.2.0.jar;C:\Users\bccle\curseforge\minecraft\Ins
Launcher Type: SUN_STANDARD

[Global flags]
     intx CICompilerCount                          = 4                                         {product} {ergonomic}
     uint ConcGCThreads                            = 2                                         {product} {ergonomic}
     uint G1ConcRefinementThreads                  = 8                                         {product} {ergonomic}
   size_t G1HeapRegionSize                         = 8388608                                   {product} {ergonomic}
    uintx GCDrainStackTargetSize                   = 64                                        {product} {ergonomic}
    ccstr HeapDumpPath                             = MojangTricksIntelDriversForPerformance_javaw.exe_minecraft.exe.heapdump         {manageable} {command line}
   size_t InitialHeapSize                          = 1317011456                                {product} {command line}
   size_t MarkStackSize                            = 4194304                                   {product} {ergonomic}
   size_t MaxHeapSize                              = 12683575296                               {product} {command line}
   size_t MaxNewSize                               = 7608467456                                {product} {ergonomic}
   size_t MinHeapDeltaBytes                        = 8388608                                   {product} {ergonomic}
   size_t MinHeapSize                              = 1317011456                                {product} {command line}
    uintx NonNMethodCodeHeapSize                   = 5839372                                {pd product} {ergonomic}
    uintx NonProfiledCodeHeapSize                  = 122909434                              {pd product} {ergonomic}
    uintx ProfiledCodeHeapSize                     = 122909434                              {pd product} {ergonomic}
    uintx ReservedCodeCacheSize                    = 251658240                              {pd product} {ergonomic}
     bool SegmentedCodeCache                       = true                                      {product} {ergonomic}
   size_t SoftMaxHeapSize                          = 12683575296                            {manageable} {ergonomic}
     intx ThreadStackSize                          = 1024                                   {pd product} {command line}
     bool UseCompressedClassPointers               = true                           {product lp64_product} {ergonomic}
     bool UseCompressedOops                        = true                           {product lp64_product} {ergonomic}
     bool UseG1GC                                  = true                                      {product} {ergonomic}
     bool UseLargePagesIndividualAllocation        = false                                  {pd product} {ergonomic}

Logging:
Log output configuration:
 #0: stdout all=warning uptime,level,tags
 #1: stderr all=off uptime,level,tags

Environment Variables:
PATH=C:\Program Files\Common Files\Oracle\Java\javapath;C:\Windows\system32;C:\Windows;C:\Windows\System32\Wbem;C:\Windows\System32\WindowsPowerShell\v1.0\;C:\Windows\System32\OpenSSH\;C:\Program Files\Calibre2\;C:\Users\bccle\AppData\Local\Microsoft\WindowsApps;
USERNAME=bccle
OS=Windows_NT
PROCESSOR_IDENTIFIER=Intel64 Family 6 Model 158 Stepping 9, GenuineIntel



---------------  S Y S T E M  ---------------

OS:
 Windows 10 , 64 bit Build 19041 (10.0.19041.3155)
OS uptime: 0 days 0:17 hours

CPU: total 8 (initial active 8) (4 cores per cpu, 2 threads per core) family 6 model 158 stepping 9 microcode 0xb4, cx8, cmov, fxsr, ht, mmx, 3dnowpref, sse, sse2, sse3, ssse3, sse4.1, sse4.2, popcnt, lzcnt, tsc, tscinvbit, avx, avx2, aes, erms, clmul, bmi1, bmi2, rtm, adx, fma, vzeroupper, clflush, clflushopt

Memory: 4k page, system-wide physical 32721M (25000M free)
TotalPageFile size 37585M (AvailPageFile size 26582M)
current process WorkingSet (physical memory assigned to process): 1271M, peak: 1458M
current process commit charge ("private bytes"): 1630M, peak: 1830M

vm_info: OpenJDK 64-Bit Server VM (17.0.3+7-LTS) for windows-amd64 JRE (17.0.3+7-LTS), built on Apr 20 2022 04:24:16 by "" with MS VC++ 16.10 / 16.11 (VS2019)

END.
